<?xml version="1.0" encoding="UTF-8"?>
<!-- Generated by org.testng.reporters.JUnitXMLReporter -->
<testsuite ignored="0" hostname="LAPTOP-SBTGQ5S3" failures="0" tests="2" name="Default test" time="33.479" errors="0" timestamp="2026-01-08T06:30:55 EST">
  <testcase classname="org.selenium.MyFirstTestCase" name="testGuestCheckoutOfManyProductUsingDirectBankTransfer" time="15.361"/>
  <testcase classname="org.selenium.MyFirstTestCase" name="testGuestCheckoutOfOneProductUsingDirectBankTransfer" time="10.176"/>
</testsuite> <!-- Default test -->
