<?xml version="1.0" encoding="UTF-8"?>
<!-- Generated by org.testng.reporters.JUnitXMLReporter -->
<testsuite ignored="1" hostname="LAPTOP-SBTGQ5S3" failures="0" tests="1" name="Chrome" time="21.769" errors="0" timestamp="2026-01-09T19:15:37 EST">
  <testcase classname="org.selenium.pom.tests.MyFirstTestCase" name="testGuestCheckoutOfManyProductUsingDirectBankTransfer" time="17.415"/>
  <testcase classname="org.selenium.pom.tests.MyFirstTestCase" name="testGuestCheckoutOfOneProductUsingDirectBankTransfer" time="0.0">
    <ignored/>
  </testcase> <!-- testGuestCheckoutOfOneProductUsingDirectBankTransfer -->
</testsuite> <!-- Chrome -->
