<?xml version="1.0" encoding="UTF-8"?>
<!-- Generated by org.testng.reporters.JUnitXMLReporter -->
<testsuite ignored="0" hostname="LAPTOP-SBTGQ5S3" failures="0" tests="2" name="Chrome" time="24.465" errors="0" timestamp="2026-01-09T22:12:20 EST">
  <testcase classname="org.selenium.pom.tests.MyFirstTestCase" name="testGuestCheckoutOfOneProductUsingDirectBankTransfer" time="17.378"/>
  <testcase classname="org.selenium.pom.tests.MyFirstTestCase" name="testGuestCheckoutOfManyProductUsingDirectBankTransfer" time="20.154"/>
</testsuite> <!-- Chrome -->
