<?xml version="1.0" encoding="UTF-8"?>
<!-- Generated by org.testng.reporters.JUnitXMLReporter -->
<testsuite ignored="0" hostname="LAPTOP-SBTGQ5S3" failures="0" tests="2" name="Firefox" time="27.195" errors="0" timestamp="2026-01-09T22:12:23 EST">
  <testcase classname="org.selenium.pom.tests.MyFirstTestCase" name="testGuestCheckoutOfOneProductUsingDirectBankTransfer" time="12.19"/>
  <testcase classname="org.selenium.pom.tests.MyFirstTestCase" name="testGuestCheckoutOfManyProductUsingDirectBankTransfer" time="16.725"/>
</testsuite> <!-- Firefox -->
