<?xml version="1.0" encoding="UTF-8"?>
<!-- Generated by org.testng.reporters.JUnitXMLReporter -->
<testsuite ignored="0" hostname="LAPTOP-SBTGQ5S3" failures="0" tests="2" name="Firefox" time="49.023" errors="0" timestamp="2026-01-14T21:49:09 EST">
  <testcase classname="org.selenium.pom.tests.MyFirstTestCase" name="testGuestCheckoutOfOneProductUsingDirectBankTransfer" time="23.664"/>
  <testcase classname="org.selenium.pom.tests.MyFirstTestCase" name="testLoggedInUserCheckoutUsingDirectBankTransfer" time="40.079"/>
</testsuite> <!-- Firefox -->
