<?xml version="1.0" encoding="UTF-8"?>
<!-- Generated by org.testng.reporters.JUnitXMLReporter -->
<testsuite ignored="0" hostname="LAPTOP-SBTGQ5S3" failures="0" tests="2" name="Firefox" time="47.095" errors="0" timestamp="2026-01-15T06:37:56 EST">
  <testcase classname="org.selenium.pom.tests.MyFirstTestCase" name="testGuestCheckoutOfOneProductUsingDirectBankTransfer" time="21.932"/>
  <testcase classname="org.selenium.pom.tests.MyFirstTestCase" name="testLoggedInUserCheckoutUsingDirectBankTransfer" time="37.281"/>
</testsuite> <!-- Firefox -->
