<?xml version="1.0" encoding="UTF-8"?>
<!-- Generated by org.testng.reporters.JUnitXMLReporter -->
<testsuite ignored="0" hostname="LAPTOP-SBTGQ5S3" failures="0" tests="2" name="Chrome" time="47.387" errors="0" timestamp="2026-01-10T07:45:29 EST">
  <testcase classname="org.selenium.pom.tests.MyFirstTestCase" name="testGuestCheckoutOfOneProductUsingDirectBankTransfer" time="24.963"/>
  <testcase classname="org.selenium.pom.tests.MyFirstTestCase" name="testLoggedInUserCheckoutUsingDirectBankTransfer" time="43.096"/>
</testsuite> <!-- Chrome -->
