<html>
<head>
<title>TestNG:  Chrome</title>
<link href="../testng.css" rel="stylesheet" type="text/css" />
<link href="../my-testng.css" rel="stylesheet" type="text/css" />

<style type="text/css">
.log { display: none;} 
.stack-trace { display: none;} 
</style>
<script type="text/javascript">
<!--
function flip(e) {
  current = e.style.display;
  if (current == 'block') {
    e.style.display = 'none';
    return 0;
  }
  else {
    e.style.display = 'block';
    return 1;
  }
}

function toggleBox(szDivId, elem, msg1, msg2)
{
  var res = -1;  if (document.getElementById) {
    res = flip(document.getElementById(szDivId));
  }
  else if (document.all) {
    // this is the way old msie versions work
    res = flip(document.all[szDivId]);
  }
  if(elem) {
    if(res == 0) elem.innerHTML = msg1; else elem.innerHTML = msg2;
  }

}

function toggleAllBoxes() {
  if (document.getElementsByTagName) {
    d = document.getElementsByTagName('div');
    for (i = 0; i < d.length; i++) {
      if (d[i].className == 'log') {
        flip(d[i]);
      }
    }
  }
}

// -->
</script>

</head>
<body>
<h2 align='center'>Chrome</h2><table border='1' align="center">
<tr>
<td>Tests passed/Failed/Skipped:</td><td>12/1/0</td>
</tr><tr>
<td>Started on:</td><td>Thu Jan 15 06:21:29 EST 2026</td>
</tr>
<tr><td>Total time:</td><td>79 seconds (79576 ms)</td>
</tr><tr>
<td>Included groups:</td><td></td>
</tr><tr>
<td>Excluded groups:</td><td></td>
</tr>
</table><p/>
<small><i>(Hover the method name to see the test class name)</i></small><p/>
<table width='100%' border='1' class='invocation-failed'>
<tr><td colspan='4' align='center'><b>FAILED TESTS</b></td></tr>
<tr><td><b>Test method</b></td>
<td><b>Attribute(s)</b></td>
<td width="30%"><b>Exception</b></td>
<td width="10%"><b>Time (seconds)</b></td>
<td><b>Instance</b></td>
</tr>
<tr>
<td title='org.selenium.pom.tests.MyFirstTestCase.testLoggedInUserCheckoutUsingDirectBankTransfer()'><b>testLoggedInUserCheckoutUsingDirectBankTransfer</b><br>Test class: org.selenium.pom.tests.MyFirstTestCase</td>
<td><div><pre>org.openqa.selenium.TimeoutException: Expected condition failed: waiting for visibility of element located by By.name: shipping_postcode (tried for 15 second(s) with 500 milliseconds interval)
Build info: version: &apos;4.39.0&apos;, revision: &apos;126f156aee&apos;
System info: os.name: &apos;Windows 10&apos;, os.arch: &apos;amd64&apos;, os.version: &apos;10.0&apos;, java.version: &apos;15.0.1&apos;
Driver info: org.openqa.selenium.chrome.ChromeDriver
Capabilities {acceptInsecureCerts: false, browserName: chrome, browserVersion: 143.0.7499.170, chrome: {chromedriverVersion: 143.0.7499.192 (be2c1f4fd45..., userDataDir: C:\Users\KSG\AppData\Local\...}, fedcm:accounts: true, goog:chromeOptions: {debuggerAddress: localhost:60362}, goog:processID: 26364, networkConnectionEnabled: false, pageLoadStrategy: normal, platformName: windows, proxy: Proxy(), se:cdp: ws://localhost:60362/devtoo..., se:cdpVersion: 143.0.7499.170, setWindowRect: true, strictFileInteractability: false, timeouts: {implicit: 0, pageLoad: 300000, script: 30000}, unhandledPromptBehavior: dismiss and notify, webauthn:extension:credBlob: true, webauthn:extension:largeBlob: true, webauthn:extension:minPinLength: true, webauthn:extension:prf: true, webauthn:virtualAuthenticators: true}
Session ID: 2103af99a5f3b953a1c9141956a4c95a
	at org.openqa.selenium.support.ui.WebDriverWait.timeoutException(WebDriverWait.java:84)
	at org.openqa.selenium.support.ui.FluentWait.until(FluentWait.java:228)
	at org.selenium.pom.base.ElementActions.type(ElementActions.java:56)
	at org.selenium.pom.pages.ShippingSection.fillShippingDetails(ShippingSection.java:82)
	at org.selenium.pom.flows.CheckoutFlow.fillGuestDetails(CheckoutFlow.java:51)
	at org.selenium.pom.tests.MyFirstTestCase.testLoggedInUserCheckoutUsingDirectBankTransfer(MyFirstTestCase.java:223)
	at java.base/jdk.internal.reflect.NativeMethodAccessorImpl.invoke0(Native Method)
	at java.base/jdk.internal.reflect.NativeMethodAccessorImpl.invoke(NativeMethodAccessorImpl.java:64)
	at java.base/jdk.internal.reflect.DelegatingMethodAccessorImpl.invoke(DelegatingMethodAccessorImpl.java:43)
	at java.base/java.lang.reflect.Method.invoke(Method.java:564)
	at org.testng.internal.invokers.MethodInvocationHelper.invokeMethod(MethodInvocationHelper.java:139)
	at org.testng.internal.invokers.TestInvoker.invokeMethod(TestInvoker.java:664)
	at org.testng.internal.invokers.TestInvoker.invokeTestMethod(TestInvoker.java:228)
	at org.testng.internal.invokers.MethodRunner.runInSequence(MethodRunner.java:63)
	at org.testng.internal.invokers.TestInvoker$MethodInvocationAgent.invoke(TestInvoker.java:961)
	at org.testng.internal.invokers.TestInvoker.invokeTestMethods(TestInvoker.java:201)
	at org.testng.internal.invokers.TestMethodWorker.invokeTestMethods(TestMethodWorker.java:148)
	at org.testng.internal.invokers.TestMethodWorker.run(TestMethodWorker.java:128)
	at java.base/java.util.concurrent.Executors$RunnableAdapter.call(Executors.java:515)
	at java.base/java.util.concurrent.FutureTask.run(FutureTask.java:264)
	at org.testng.internal.thread.graph.TestNGFutureTask.run(TestNGFutureTask.java:22)
	at java.base/java.util.concurrent.ThreadPoolExecutor.runWorker(ThreadPoolExecutor.java:1130)
	at java.base/java.util.concurrent.ThreadPoolExecutor$Worker.run(ThreadPoolExecutor.java:630)
	at java.base/java.lang.Thread.run(Thread.java:832)
</pre></div><a href='#' onClick='toggleBox("stack-trace1982586772", this, "Click to show all stack frames", "Click to hide stack frames")'>Click to show all stack frames</a>
<div class='stack-trace' id='stack-trace1982586772'><pre>org.openqa.selenium.TimeoutException: Expected condition failed: waiting for visibility of element located by By.name: shipping_postcode (tried for 15 second(s) with 500 milliseconds interval)
Build info: version: &apos;4.39.0&apos;, revision: &apos;126f156aee&apos;
System info: os.name: &apos;Windows 10&apos;, os.arch: &apos;amd64&apos;, os.version: &apos;10.0&apos;, java.version: &apos;15.0.1&apos;
Driver info: org.openqa.selenium.chrome.ChromeDriver
Capabilities {acceptInsecureCerts: false, browserName: chrome, browserVersion: 143.0.7499.170, chrome: {chromedriverVersion: 143.0.7499.192 (be2c1f4fd45..., userDataDir: C:\Users\KSG\AppData\Local\...}, fedcm:accounts: true, goog:chromeOptions: {debuggerAddress: localhost:60362}, goog:processID: 26364, networkConnectionEnabled: false, pageLoadStrategy: normal, platformName: windows, proxy: Proxy(), se:cdp: ws://localhost:60362/devtoo..., se:cdpVersion: 143.0.7499.170, setWindowRect: true, strictFileInteractability: false, timeouts: {implicit: 0, pageLoad: 300000, script: 30000}, unhandledPromptBehavior: dismiss and notify, webauthn:extension:credBlob: true, webauthn:extension:largeBlob: true, webauthn:extension:minPinLength: true, webauthn:extension:prf: true, webauthn:virtualAuthenticators: true}
Session ID: 2103af99a5f3b953a1c9141956a4c95a
	at org.openqa.selenium.support.ui.WebDriverWait.timeoutException(WebDriverWait.java:84)
	at org.openqa.selenium.support.ui.FluentWait.until(FluentWait.java:228)
	at org.selenium.pom.base.ElementActions.type(ElementActions.java:56)
	at org.selenium.pom.pages.ShippingSection.fillShippingDetails(ShippingSection.java:82)
	at org.selenium.pom.flows.CheckoutFlow.fillGuestDetails(CheckoutFlow.java:51)
	at org.selenium.pom.tests.MyFirstTestCase.testLoggedInUserCheckoutUsingDirectBankTransfer(MyFirstTestCase.java:223)
	at java.base/jdk.internal.reflect.NativeMethodAccessorImpl.invoke0(Native Method)
	at java.base/jdk.internal.reflect.NativeMethodAccessorImpl.invoke(NativeMethodAccessorImpl.java:64)
	at java.base/jdk.internal.reflect.DelegatingMethodAccessorImpl.invoke(DelegatingMethodAccessorImpl.java:43)
	at java.base/java.lang.reflect.Method.invoke(Method.java:564)
	at org.testng.internal.invokers.MethodInvocationHelper.invokeMethod(MethodInvocationHelper.java:139)
	at org.testng.internal.invokers.TestInvoker.invokeMethod(TestInvoker.java:664)
	at org.testng.internal.invokers.TestInvoker.invokeTestMethod(TestInvoker.java:228)
	at org.testng.internal.invokers.MethodRunner.runInSequence(MethodRunner.java:63)
	at org.testng.internal.invokers.TestInvoker$MethodInvocationAgent.invoke(TestInvoker.java:961)
	at org.testng.internal.invokers.TestInvoker.invokeTestMethods(TestInvoker.java:201)
	at org.testng.internal.invokers.TestMethodWorker.invokeTestMethods(TestMethodWorker.java:148)
	at org.testng.internal.invokers.TestMethodWorker.run(TestMethodWorker.java:128)
	at java.base/java.util.concurrent.Executors$RunnableAdapter.call(Executors.java:515)
	at java.base/java.util.concurrent.FutureTask.run(FutureTask.java:264)
	at org.testng.internal.thread.graph.TestNGFutureTask.run(TestNGFutureTask.java:22)
	at java.base/java.util.concurrent.ThreadPoolExecutor.runWorker(ThreadPoolExecutor.java:1130)
	at java.base/java.util.concurrent.ThreadPoolExecutor$Worker.run(ThreadPoolExecutor.java:630)
	at java.base/java.lang.Thread.run(Thread.java:832)
</pre></div></td>
<td>49</td>
<td>org.selenium.pom.tests.MyFirstTestCase@431f1eaf</td></tr>
</table><p>
<table width='100%' border='1' class='invocation-passed'>
<tr><td colspan='4' align='center'><b>PASSED TESTS</b></td></tr>
<tr><td><b>Test method</b></td>
<td><b>Attribute(s)</b></td>
<td width="30%"><b>Exception</b></td>
<td width="10%"><b>Time (seconds)</b></td>
<td><b>Instance</b></td>
</tr>
<tr>
<td title='org.selenium.pom.tests.AddToCartTest.addProductsToCart()'><b>addProductsToCart</b><br>Test class: org.selenium.pom.tests.AddToCartTest<br>Test method: Should be able to add products to cart - using data providers<br>Parameters: org.selenium.pom.model.Product@430c7849</td>
<td></td>
<td>6</td>
<td>org.selenium.pom.tests.AddToCartTest@53dad875</td></tr>
<tr>
<td title='org.selenium.pom.tests.AddToCartTest.addFeaturedProductsToCart()'><b>addFeaturedProductsToCart</b><br>Test class: org.selenium.pom.tests.AddToCartTest<br>Test method: Should be able to add featured products to cart from store page<br>Parameters: org.selenium.pom.model.Product@43b7960e</td>
<td></td>
<td>13</td>
<td>org.selenium.pom.tests.AddToCartTest@53dad875</td></tr>
<tr>
<td title='org.selenium.pom.tests.AddToCartTest.addFeaturedProductsToCart()'><b>addFeaturedProductsToCart</b><br>Test class: org.selenium.pom.tests.AddToCartTest<br>Test method: Should be able to add featured products to cart from store page<br>Parameters: org.selenium.pom.model.Product@19a35a5a</td>
<td></td>
<td>8</td>
<td>org.selenium.pom.tests.AddToCartTest@53dad875</td></tr>
<tr>
<td title='org.selenium.pom.tests.AddToCartTest.addProductsToCart()'><b>addProductsToCart</b><br>Test class: org.selenium.pom.tests.AddToCartTest<br>Test method: Should be able to add products to cart - using data providers<br>Parameters: org.selenium.pom.model.Product@4087339d</td>
<td></td>
<td>5</td>
<td>org.selenium.pom.tests.AddToCartTest@53dad875</td></tr>
<tr>
<td title='org.selenium.pom.tests.MyFirstTestCase.testGuestCheckoutOfOneProductUsingDirectBankTransfer()'><b>testGuestCheckoutOfOneProductUsingDirectBankTransfer</b><br>Test class: org.selenium.pom.tests.MyFirstTestCase</td>
<td></td>
<td>22</td>
<td>org.selenium.pom.tests.MyFirstTestCase@431f1eaf</td></tr>
<tr>
<td title='org.selenium.pom.tests.AddToCartTest.addProductsToCart()'><b>addProductsToCart</b><br>Test class: org.selenium.pom.tests.AddToCartTest<br>Test method: Should be able to add products to cart - using data providers<br>Parameters: org.selenium.pom.model.Product@67fd0c54</td>
<td></td>
<td>6</td>
<td>org.selenium.pom.tests.AddToCartTest@53dad875</td></tr>
<tr>
<td title='org.selenium.pom.tests.AddToCartTest.addToCartFromStorePage()'><b>addToCartFromStorePage</b><br>Test class: org.selenium.pom.tests.AddToCartTest<br>Test method: Should be able to add products to cart from store page</td>
<td></td>
<td>4</td>
<td>org.selenium.pom.tests.AddToCartTest@53dad875</td></tr>
<tr>
<td title='org.selenium.pom.tests.AddToCartTest.addProductsToCart()'><b>addProductsToCart</b><br>Test class: org.selenium.pom.tests.AddToCartTest<br>Test method: Should be able to add products to cart - using data providers<br>Parameters: org.selenium.pom.model.Product@54960b00</td>
<td></td>
<td>5</td>
<td>org.selenium.pom.tests.AddToCartTest@53dad875</td></tr>
<tr>
<td title='org.selenium.pom.tests.SearchTest.searchWithPartialMatch()'><b>searchWithPartialMatch</b><br>Test class: org.selenium.pom.tests.SearchTest</td>
<td></td>
<td>5</td>
<td>org.selenium.pom.tests.SearchTest@4c59e45e</td></tr>
<tr>
<td title='org.selenium.pom.tests.AddToCartTest.addFeaturedProductsToCart()'><b>addFeaturedProductsToCart</b><br>Test class: org.selenium.pom.tests.AddToCartTest<br>Test method: Should be able to add featured products to cart from store page<br>Parameters: org.selenium.pom.model.Product@5dc32ec0</td>
<td></td>
<td>7</td>
<td>org.selenium.pom.tests.AddToCartTest@53dad875</td></tr>
<tr>
<td title='org.selenium.pom.tests.AddToCartTest.addProductsToCart()'><b>addProductsToCart</b><br>Test class: org.selenium.pom.tests.AddToCartTest<br>Test method: Should be able to add products to cart - using data providers<br>Parameters: org.selenium.pom.model.Product@5585867b</td>
<td></td>
<td>6</td>
<td>org.selenium.pom.tests.AddToCartTest@53dad875</td></tr>
<tr>
<td title='org.selenium.pom.tests.NavigationTest.testnavigateFromHomeToStoreUsingMainMenu()'><b>testnavigateFromHomeToStoreUsingMainMenu</b><br>Test class: org.selenium.pom.tests.NavigationTest<br>Test method: Should be able to navigate from home page to store page using main menu</td>
<td></td>
<td>1</td>
<td>org.selenium.pom.tests.NavigationTest@cb03411</td></tr>
</table><p>
</body>
</html>