<!DOCTYPE html>

<html>
  <head>
  <meta charset='utf-8'>
  <title>TestNG reports</title>

    <link type="text/css" href="testng-reports1.css" rel="stylesheet" id="ultra" />
    <link type="text/css" href="testng-reports.css" rel="stylesheet" id="retro" disabled="false"/>
    <script type="text/javascript" src="jquery-3.6.0.min.js"></script>
    <script type="text/javascript" src="testng-reports.js"></script>
    <script type="text/javascript" src="https://www.google.com/jsapi"></script>
    <script type='text/javascript'>
      google.load('visualization', '1', {packages:['table']});
      google.setOnLoadCallback(drawTable);
      var suiteTableInitFunctions = new Array();
      var suiteTableData = new Array();
    </script>
    <!--
      <script type="text/javascript" src="jquery-ui/js/jquery-ui-1.8.16.custom.min.js"></script>
     -->
  </head>

  <body>    <div class="top-banner-root">
      <span class="top-banner-title-font">Test results</span>
      <button id="button" class="button">Switch Retro Theme</button> <!-- button -->
      <br/>
      <span class="top-banner-font-1">1 suite, 1 failed test</span>
    </div> <!-- top-banner-root -->
    <div class="navigator-root">
      <div class="navigator-suite-header">
        <span>All suites</span>
        <a href="#" title="Collapse/expand all the suites" class="collapse-all-link">
          <img src="collapseall.gif" class="collapse-all-icon">
          </img> <!-- collapse-all-icon -->
        </a> <!-- collapse-all-link -->
      </div> <!-- navigator-suite-header -->
      <div class="suite">
        <div class="rounded-window">
          <div class="suite-header light-rounded-window-top">
            <a href="#" panel-name="suite-Regression_Suite" class="navigator-link">
              <span class="suite-name border-failed">Regression Suite</span>
            </a> <!-- navigator-link -->
          </div> <!-- suite-header light-rounded-window-top -->
          <div class="navigator-suite-content">
            <div class="suite-section-title">
              <span>Info</span>
            </div> <!-- suite-section-title -->
            <div class="suite-section-content">
              <ul>
                <li>
                  <a href="#" panel-name="test-xml-Regression_Suite" class="navigator-link ">
                    <span>D:\Learnings\Selenium\Exercises\OMCHSeleniumFramework\testng_regression.xml</span>
                  </a> <!-- navigator-link  -->
                </li>
                <li>
                  <a href="#" panel-name="testlist-Regression_Suite" class="navigator-link ">
                    <span class="test-stats">2 tests</span>
                  </a> <!-- navigator-link  -->
                </li>
                <li>
                  <a href="#" panel-name="group-Regression_Suite" class="navigator-link ">
                    <span>0 groups</span>
                  </a> <!-- navigator-link  -->
                </li>
                <li>
                  <a href="#" panel-name="times-Regression_Suite" class="navigator-link ">
                    <span>Times</span>
                  </a> <!-- navigator-link  -->
                </li>
                <li>
                  <a href="#" panel-name="reporter-Regression_Suite" class="navigator-link ">
                    <span>Reporter output</span>
                  </a> <!-- navigator-link  -->
                </li>
                <li>
                  <a href="#" panel-name="ignored-methods-Regression_Suite" class="navigator-link ">
                    <span>Ignored methods</span>
                  </a> <!-- navigator-link  -->
                </li>
                <li>
                  <a href="#" panel-name="chronological-Regression_Suite" class="navigator-link ">
                    <span>Chronological view</span>
                  </a> <!-- navigator-link  -->
                </li>
              </ul>
            </div> <!-- suite-section-content -->
            <div class="result-section">
              <div class="suite-section-title">
                <span>Results</span>
              </div> <!-- suite-section-title -->
              <div class="suite-section-content">
                <ul>
                  <li>
                    <span class="method-stats">15 methods, 1 failed,   14 passed</span>
                  </li>
                  <li>
                    <span class="method-list-title failed">Failed methods</span>
                    <span class="show-or-hide-methods failed">
                      <a href="#" panel-name="suite-Regression_Suite" class="hide-methods failed suite-Regression_Suite"> (hide)</a> <!-- hide-methods failed suite-Regression_Suite -->
                      <a href="#" panel-name="suite-Regression_Suite" class="show-methods failed suite-Regression_Suite"> (show)</a> <!-- show-methods failed suite-Regression_Suite -->
                    </span>
                    <div class="method-list-content failed suite-Regression_Suite">
                      <span>
                        <img src="failed.png" width="3%"/>
                        <a href="#" panel-name="suite-Regression_Suite" title="org.selenium.pom.tests.MyFirstTestCase" class="method navigator-link" hash-for-method="testLoggedInUserCheckoutUsingDirectBankTransfer">testLoggedInUserCheckoutUsingDirectBankTransfer</a> <!-- method navigator-link -->
                      </span>
                      <br/>
                    </div> <!-- method-list-content failed suite-Regression_Suite -->
                  </li>
                  <li>
                    <span class="method-list-title passed">Passed methods</span>
                    <span class="show-or-hide-methods passed">
                      <a href="#" panel-name="suite-Regression_Suite" class="hide-methods passed suite-Regression_Suite"> (hide)</a> <!-- hide-methods passed suite-Regression_Suite -->
                      <a href="#" panel-name="suite-Regression_Suite" class="show-methods passed suite-Regression_Suite"> (show)</a> <!-- show-methods passed suite-Regression_Suite -->
                    </span>
                    <div class="method-list-content passed suite-Regression_Suite">
                      <span>
                        <img src="passed.png" width="3%"/>
                        <a href="#" panel-name="suite-Regression_Suite" title="org.selenium.pom.tests.AddToCartTest" class="method navigator-link" hash-for-method="addFeaturedProductsToCart(org.selenium.pom.model.Product@43b7960e)">addFeaturedProductsToCart(org.selenium.pom.model.Product@43b7960e)</a> <!-- method navigator-link -->
                      </span>
                      <br/>
                      <span>
                        <img src="passed.png" width="3%"/>
                        <a href="#" panel-name="suite-Regression_Suite" title="org.selenium.pom.tests.AddToCartTest" class="method navigator-link" hash-for-method="addFeaturedProductsToCart(org.selenium.pom.model.Product@19a35a5a)">addFeaturedProductsToCart(org.selenium.pom.model.Product@19a35a5a)</a> <!-- method navigator-link -->
                      </span>
                      <br/>
                      <span>
                        <img src="passed.png" width="3%"/>
                        <a href="#" panel-name="suite-Regression_Suite" title="org.selenium.pom.tests.AddToCartTest" class="method navigator-link" hash-for-method="addFeaturedProductsToCart(org.selenium.pom.model.Product@5dc32ec0)">addFeaturedProductsToCart(org.selenium.pom.model.Product@5dc32ec0)</a> <!-- method navigator-link -->
                      </span>
                      <br/>
                      <span>
                        <img src="passed.png" width="3%"/>
                        <a href="#" panel-name="suite-Regression_Suite" title="org.selenium.pom.tests.AddToCartTest" class="method navigator-link" hash-for-method="addProductsToCart(org.selenium.pom.model.Product@430c7849)">addProductsToCart(org.selenium.pom.model.Product@430c7849)</a> <!-- method navigator-link -->
                      </span>
                      <br/>
                      <span>
                        <img src="passed.png" width="3%"/>
                        <a href="#" panel-name="suite-Regression_Suite" title="org.selenium.pom.tests.AddToCartTest" class="method navigator-link" hash-for-method="addProductsToCart(org.selenium.pom.model.Product@4087339d)">addProductsToCart(org.selenium.pom.model.Product@4087339d)</a> <!-- method navigator-link -->
                      </span>
                      <br/>
                      <span>
                        <img src="passed.png" width="3%"/>
                        <a href="#" panel-name="suite-Regression_Suite" title="org.selenium.pom.tests.AddToCartTest" class="method navigator-link" hash-for-method="addProductsToCart(org.selenium.pom.model.Product@67fd0c54)">addProductsToCart(org.selenium.pom.model.Product@67fd0c54)</a> <!-- method navigator-link -->
                      </span>
                      <br/>
                      <span>
                        <img src="passed.png" width="3%"/>
                        <a href="#" panel-name="suite-Regression_Suite" title="org.selenium.pom.tests.AddToCartTest" class="method navigator-link" hash-for-method="addProductsToCart(org.selenium.pom.model.Product@54960b00)">addProductsToCart(org.selenium.pom.model.Product@54960b00)</a> <!-- method navigator-link -->
                      </span>
                      <br/>
                      <span>
                        <img src="passed.png" width="3%"/>
                        <a href="#" panel-name="suite-Regression_Suite" title="org.selenium.pom.tests.AddToCartTest" class="method navigator-link" hash-for-method="addProductsToCart(org.selenium.pom.model.Product@5585867b)">addProductsToCart(org.selenium.pom.model.Product@5585867b)</a> <!-- method navigator-link -->
                      </span>
                      <br/>
                      <span>
                        <img src="passed.png" width="3%"/>
                        <a href="#" panel-name="suite-Regression_Suite" title="org.selenium.pom.tests.AddToCartTest" class="method navigator-link" hash-for-method="addToCartFromStorePage">addToCartFromStorePage</a> <!-- method navigator-link -->
                      </span>
                      <br/>
                      <span>
                        <img src="passed.png" width="3%"/>
                        <a href="#" panel-name="suite-Regression_Suite" title="org.selenium.pom.tests.SearchTest" class="method navigator-link" hash-for-method="searchWithPartialMatch">searchWithPartialMatch</a> <!-- method navigator-link -->
                      </span>
                      <br/>
                      <span>
                        <img src="passed.png" width="3%"/>
                        <a href="#" panel-name="suite-Regression_Suite" title="org.selenium.pom.tests.MyFirstTestCase" class="method navigator-link" hash-for-method="testGuestCheckoutOfOneProductUsingDirectBankTransfer">testGuestCheckoutOfOneProductUsingDirectBankTransfer</a> <!-- method navigator-link -->
                      </span>
                      <br/>
                      <span>
                        <img src="passed.png" width="3%"/>
                        <a href="#" panel-name="suite-Regression_Suite" title="org.selenium.pom.tests.MyFirstTestCase" class="method navigator-link" hash-for-method="testGuestCheckoutOfOneProductUsingDirectBankTransfer">testGuestCheckoutOfOneProductUsingDirectBankTransfer</a> <!-- method navigator-link -->
                      </span>
                      <br/>
                      <span>
                        <img src="passed.png" width="3%"/>
                        <a href="#" panel-name="suite-Regression_Suite" title="org.selenium.pom.tests.MyFirstTestCase" class="method navigator-link" hash-for-method="testLoggedInUserCheckoutUsingDirectBankTransfer">testLoggedInUserCheckoutUsingDirectBankTransfer</a> <!-- method navigator-link -->
                      </span>
                      <br/>
                      <span>
                        <img src="passed.png" width="3%"/>
                        <a href="#" panel-name="suite-Regression_Suite" title="org.selenium.pom.tests.NavigationTest" class="method navigator-link" hash-for-method="testnavigateFromHomeToStoreUsingMainMenu">testnavigateFromHomeToStoreUsingMainMenu</a> <!-- method navigator-link -->
                      </span>
                      <br/>
                    </div> <!-- method-list-content passed suite-Regression_Suite -->
                  </li>
                </ul>
              </div> <!-- suite-section-content -->
            </div> <!-- result-section -->
          </div> <!-- navigator-suite-content -->
        </div> <!-- rounded-window -->
      </div> <!-- suite -->
    </div> <!-- navigator-root -->
    <div class="wrapper">
      <div class="main-panel-root">
        <div panel-name="suite-Regression_Suite" class="panel Regression_Suite">
          <div class="suite-Regression_Suite-class-failed">
            <div class="main-panel-header rounded-window-top">
              <img src="failed.png"/>
              <span class="class-name">org.selenium.pom.tests.MyFirstTestCase</span>
            </div> <!-- main-panel-header rounded-window-top -->
            <div class="main-panel-content rounded-window-bottom">
              <div class="method">
                <div class="method-content">
                  <a name="testLoggedInUserCheckoutUsingDirectBankTransfer">
                  </a> <!-- testLoggedInUserCheckoutUsingDirectBankTransfer -->
                  <span class="method-name">testLoggedInUserCheckoutUsingDirectBankTransfer</span>
                  <div class="stack-trace">org.openqa.selenium.TimeoutException: Expected condition failed: waiting for visibility of element located by By.name: shipping_postcode (tried for 15 second(s) with 500 milliseconds interval)
Build info: version: &apos;4.39.0&apos;, revision: &apos;126f156aee&apos;
System info: os.name: &apos;Windows 10&apos;, os.arch: &apos;amd64&apos;, os.version: &apos;10.0&apos;, java.version: &apos;15.0.1&apos;
Driver info: org.openqa.selenium.chrome.ChromeDriver
Capabilities {acceptInsecureCerts: false, browserName: chrome, browserVersion: 143.0.7499.170, chrome: {chromedriverVersion: 143.0.7499.192 (be2c1f4fd45..., userDataDir: C:\Users\KSG\AppData\Local\...}, fedcm:accounts: true, goog:chromeOptions: {debuggerAddress: localhost:60362}, goog:processID: 26364, networkConnectionEnabled: false, pageLoadStrategy: normal, platformName: windows, proxy: Proxy(), se:cdp: ws://localhost:60362/devtoo..., se:cdpVersion: 143.0.7499.170, setWindowRect: true, strictFileInteractability: false, timeouts: {implicit: 0, pageLoad: 300000, script: 30000}, unhandledPromptBehavior: dismiss and notify, webauthn:extension:credBlob: true, webauthn:extension:largeBlob: true, webauthn:extension:minPinLength: true, webauthn:extension:prf: true, webauthn:virtualAuthenticators: true}
Session ID: 2103af99a5f3b953a1c9141956a4c95a
	at org.openqa.selenium.support.ui.WebDriverWait.timeoutException(WebDriverWait.java:84)
	at org.openqa.selenium.support.ui.FluentWait.until(FluentWait.java:228)
	at org.selenium.pom.base.ElementActions.type(ElementActions.java:56)
	at org.selenium.pom.pages.ShippingSection.fillShippingDetails(ShippingSection.java:82)
	at org.selenium.pom.flows.CheckoutFlow.fillGuestDetails(CheckoutFlow.java:51)
	at org.selenium.pom.tests.MyFirstTestCase.testLoggedInUserCheckoutUsingDirectBankTransfer(MyFirstTestCase.java:223)
	at java.base/jdk.internal.reflect.NativeMethodAccessorImpl.invoke0(Native Method)
	at java.base/jdk.internal.reflect.NativeMethodAccessorImpl.invoke(NativeMethodAccessorImpl.java:64)
	at java.base/jdk.internal.reflect.DelegatingMethodAccessorImpl.invoke(DelegatingMethodAccessorImpl.java:43)
	at java.base/java.lang.reflect.Method.invoke(Method.java:564)
	at org.testng.internal.invokers.MethodInvocationHelper.invokeMethod(MethodInvocationHelper.java:139)
	at org.testng.internal.invokers.TestInvoker.invokeMethod(TestInvoker.java:664)
	at org.testng.internal.invokers.TestInvoker.invokeTestMethod(TestInvoker.java:228)
	at org.testng.internal.invokers.MethodRunner.runInSequence(MethodRunner.java:63)
	at org.testng.internal.invokers.TestInvoker$MethodInvocationAgent.invoke(TestInvoker.java:961)
	at org.testng.internal.invokers.TestInvoker.invokeTestMethods(TestInvoker.java:201)
	at org.testng.internal.invokers.TestMethodWorker.invokeTestMethods(TestMethodWorker.java:148)
	at org.testng.internal.invokers.TestMethodWorker.run(TestMethodWorker.java:128)
	at java.base/java.util.concurrent.Executors$RunnableAdapter.call(Executors.java:515)
	at java.base/java.util.concurrent.FutureTask.run(FutureTask.java:264)
	at org.testng.internal.thread.graph.TestNGFutureTask.run(TestNGFutureTask.java:22)
	at java.base/java.util.concurrent.ThreadPoolExecutor.runWorker(ThreadPoolExecutor.java:1130)
	at java.base/java.util.concurrent.ThreadPoolExecutor$Worker.run(ThreadPoolExecutor.java:630)
	at java.base/java.lang.Thread.run(Thread.java:832)

</div> <!-- stack-trace -->
                </div> <!-- method-content -->
              </div> <!-- method -->
            </div> <!-- main-panel-content rounded-window-bottom -->
          </div> <!-- suite-Regression_Suite-class-failed -->
          <div class="suite-Regression_Suite-class-passed">
            <div class="main-panel-header rounded-window-top">
              <img src="passed.png"/>
              <span class="class-name">org.selenium.pom.tests.AddToCartTest</span>
            </div> <!-- main-panel-header rounded-window-top -->
            <div class="main-panel-content rounded-window-bottom">
              <div class="method">
                <div class="method-content">
                  <a name="addFeaturedProductsToCart(org.selenium.pom.model.Product@43b7960e)">
                  </a> <!-- addFeaturedProductsToCart(org.selenium.pom.model.Product@43b7960e) -->
                  <span class="method-name">addFeaturedProductsToCart</span>
                  <span class="parameters">(org.selenium.pom.model.Product@43b7960e)</span>
                  <em>
(Should be able to add featured products to cart from store page)                  </em>
                </div> <!-- method-content -->
              </div> <!-- method -->
              <div class="method">
                <div class="method-content">
                  <a name="addFeaturedProductsToCart(org.selenium.pom.model.Product@19a35a5a)">
                  </a> <!-- addFeaturedProductsToCart(org.selenium.pom.model.Product@19a35a5a) -->
                  <span class="method-name">addFeaturedProductsToCart</span>
                  <span class="parameters">(org.selenium.pom.model.Product@19a35a5a)</span>
                  <em>
(Should be able to add featured products to cart from store page)                  </em>
                </div> <!-- method-content -->
              </div> <!-- method -->
              <div class="method">
                <div class="method-content">
                  <a name="addFeaturedProductsToCart(org.selenium.pom.model.Product@5dc32ec0)">
                  </a> <!-- addFeaturedProductsToCart(org.selenium.pom.model.Product@5dc32ec0) -->
                  <span class="method-name">addFeaturedProductsToCart</span>
                  <span class="parameters">(org.selenium.pom.model.Product@5dc32ec0)</span>
                  <em>
(Should be able to add featured products to cart from store page)                  </em>
                </div> <!-- method-content -->
              </div> <!-- method -->
              <div class="method">
                <div class="method-content">
                  <a name="addProductsToCart(org.selenium.pom.model.Product@430c7849)">
                  </a> <!-- addProductsToCart(org.selenium.pom.model.Product@430c7849) -->
                  <span class="method-name">addProductsToCart</span>
                  <span class="parameters">(org.selenium.pom.model.Product@430c7849)</span>
                  <em>
(Should be able to add products to cart - using data providers)                  </em>
                </div> <!-- method-content -->
              </div> <!-- method -->
              <div class="method">
                <div class="method-content">
                  <a name="addProductsToCart(org.selenium.pom.model.Product@4087339d)">
                  </a> <!-- addProductsToCart(org.selenium.pom.model.Product@4087339d) -->
                  <span class="method-name">addProductsToCart</span>
                  <span class="parameters">(org.selenium.pom.model.Product@4087339d)</span>
                  <em>
(Should be able to add products to cart - using data providers)                  </em>
                </div> <!-- method-content -->
              </div> <!-- method -->
              <div class="method">
                <div class="method-content">
                  <a name="addProductsToCart(org.selenium.pom.model.Product@67fd0c54)">
                  </a> <!-- addProductsToCart(org.selenium.pom.model.Product@67fd0c54) -->
                  <span class="method-name">addProductsToCart</span>
                  <span class="parameters">(org.selenium.pom.model.Product@67fd0c54)</span>
                  <em>
(Should be able to add products to cart - using data providers)                  </em>
                </div> <!-- method-content -->
              </div> <!-- method -->
              <div class="method">
                <div class="method-content">
                  <a name="addProductsToCart(org.selenium.pom.model.Product@54960b00)">
                  </a> <!-- addProductsToCart(org.selenium.pom.model.Product@54960b00) -->
                  <span class="method-name">addProductsToCart</span>
                  <span class="parameters">(org.selenium.pom.model.Product@54960b00)</span>
                  <em>
(Should be able to add products to cart - using data providers)                  </em>
                </div> <!-- method-content -->
              </div> <!-- method -->
              <div class="method">
                <div class="method-content">
                  <a name="addProductsToCart(org.selenium.pom.model.Product@5585867b)">
                  </a> <!-- addProductsToCart(org.selenium.pom.model.Product@5585867b) -->
                  <span class="method-name">addProductsToCart</span>
                  <span class="parameters">(org.selenium.pom.model.Product@5585867b)</span>
                  <em>
(Should be able to add products to cart - using data providers)                  </em>
                </div> <!-- method-content -->
              </div> <!-- method -->
              <div class="method">
                <div class="method-content">
                  <a name="addToCartFromStorePage">
                  </a> <!-- addToCartFromStorePage -->
                  <span class="method-name">addToCartFromStorePage</span>
                  <em>
(Should be able to add products to cart from store page)                  </em>
                </div> <!-- method-content -->
              </div> <!-- method -->
            </div> <!-- main-panel-content rounded-window-bottom -->
          </div> <!-- suite-Regression_Suite-class-passed -->
          <div class="suite-Regression_Suite-class-passed">
            <div class="main-panel-header rounded-window-top">
              <img src="passed.png"/>
              <span class="class-name">org.selenium.pom.tests.SearchTest</span>
            </div> <!-- main-panel-header rounded-window-top -->
            <div class="main-panel-content rounded-window-bottom">
              <div class="method">
                <div class="method-content">
                  <a name="searchWithPartialMatch">
                  </a> <!-- searchWithPartialMatch -->
                  <span class="method-name">searchWithPartialMatch</span>
                </div> <!-- method-content -->
              </div> <!-- method -->
            </div> <!-- main-panel-content rounded-window-bottom -->
          </div> <!-- suite-Regression_Suite-class-passed -->
          <div class="suite-Regression_Suite-class-passed">
            <div class="main-panel-header rounded-window-top">
              <img src="passed.png"/>
              <span class="class-name">org.selenium.pom.tests.NavigationTest</span>
            </div> <!-- main-panel-header rounded-window-top -->
            <div class="main-panel-content rounded-window-bottom">
              <div class="method">
                <div class="method-content">
                  <a name="testnavigateFromHomeToStoreUsingMainMenu">
                  </a> <!-- testnavigateFromHomeToStoreUsingMainMenu -->
                  <span class="method-name">testnavigateFromHomeToStoreUsingMainMenu</span>
                  <em>
(Should be able to navigate from home page to store page using main menu)                  </em>
                </div> <!-- method-content -->
              </div> <!-- method -->
            </div> <!-- main-panel-content rounded-window-bottom -->
          </div> <!-- suite-Regression_Suite-class-passed -->
          <div class="suite-Regression_Suite-class-passed">
            <div class="main-panel-header rounded-window-top">
              <img src="passed.png"/>
              <span class="class-name">org.selenium.pom.tests.MyFirstTestCase</span>
            </div> <!-- main-panel-header rounded-window-top -->
            <div class="main-panel-content rounded-window-bottom">
              <div class="method">
                <div class="method-content">
                  <a name="testGuestCheckoutOfOneProductUsingDirectBankTransfer">
                  </a> <!-- testGuestCheckoutOfOneProductUsingDirectBankTransfer -->
                  <span class="method-name">testGuestCheckoutOfOneProductUsingDirectBankTransfer</span>
                </div> <!-- method-content -->
              </div> <!-- method -->
              <div class="method">
                <div class="method-content">
                  <a name="testGuestCheckoutOfOneProductUsingDirectBankTransfer">
                  </a> <!-- testGuestCheckoutOfOneProductUsingDirectBankTransfer -->
                  <span class="method-name">testGuestCheckoutOfOneProductUsingDirectBankTransfer</span>
                </div> <!-- method-content -->
              </div> <!-- method -->
              <div class="method">
                <div class="method-content">
                  <a name="testLoggedInUserCheckoutUsingDirectBankTransfer">
                  </a> <!-- testLoggedInUserCheckoutUsingDirectBankTransfer -->
                  <span class="method-name">testLoggedInUserCheckoutUsingDirectBankTransfer</span>
                </div> <!-- method-content -->
              </div> <!-- method -->
            </div> <!-- main-panel-content rounded-window-bottom -->
          </div> <!-- suite-Regression_Suite-class-passed -->
        </div> <!-- panel Regression_Suite -->
        <div panel-name="test-xml-Regression_Suite" class="panel">
          <div class="main-panel-header rounded-window-top">
            <span class="header-content">D:\Learnings\Selenium\Exercises\OMCHSeleniumFramework\testng_regression.xml</span>
          </div> <!-- main-panel-header rounded-window-top -->
          <div class="main-panel-content rounded-window-bottom">
            <pre>
&lt;?xml version=&quot;1.0&quot; encoding=&quot;UTF-8&quot;?&gt;
&lt;!DOCTYPE suite SYSTEM &quot;https://testng.org/testng-1.0.dtd&quot;&gt;
&lt;suite thread-count=&quot;2&quot; parallel=&quot;tests&quot; name=&quot;Regression Suite&quot; guice-stage=&quot;DEVELOPMENT&quot; verbose=&quot;3&quot;&gt;
  &lt;test thread-count=&quot;2&quot; parallel=&quot;methods&quot; name=&quot;Chrome&quot; verbose=&quot;3&quot;&gt;
    &lt;parameter name=&quot;browser&quot; value=&quot;CHROME&quot;/&gt;
    &lt;packages&gt;
      &lt;package name=&quot;org.selenium.pom.tests&quot;/&gt;
    &lt;/packages&gt;
    &lt;classes&gt;
      &lt;class name=&quot;org.selenium.pom.tests.AddToCartTest&quot;/&gt;
      &lt;class name=&quot;org.selenium.pom.tests.LoginTest&quot;/&gt;
      &lt;class name=&quot;org.selenium.pom.tests.MyFirstTestCase&quot;/&gt;
      &lt;class name=&quot;org.selenium.pom.tests.NavigationTest&quot;/&gt;
      &lt;class name=&quot;org.selenium.pom.tests.SearchTest&quot;/&gt;
    &lt;/classes&gt;
  &lt;/test&gt; &lt;!-- Chrome --&gt;
  &lt;test thread-count=&quot;2&quot; parallel=&quot;methods&quot; name=&quot;Firefox&quot; verbose=&quot;3&quot;&gt;
    &lt;parameter name=&quot;browser&quot; value=&quot;FIREFOX&quot;/&gt;
    &lt;classes&gt;
      &lt;class name=&quot;org.selenium.pom.tests.MyFirstTestCase&quot;/&gt;
    &lt;/classes&gt;
  &lt;/test&gt; &lt;!-- Firefox --&gt;
&lt;/suite&gt; &lt;!-- Regression Suite --&gt;
            </pre>
          </div> <!-- main-panel-content rounded-window-bottom -->
        </div> <!-- panel -->
        <div panel-name="testlist-Regression_Suite" class="panel">
          <div class="main-panel-header rounded-window-top">
            <span class="header-content">Tests for Regression Suite</span>
          </div> <!-- main-panel-header rounded-window-top -->
          <div class="main-panel-content rounded-window-bottom">
            <ul>
              <li>
                <span class="test-name">Chrome (5 classes)</span>
              </li>
              <li>
                <span class="test-name">Firefox (1 class)</span>
              </li>
            </ul>
          </div> <!-- main-panel-content rounded-window-bottom -->
        </div> <!-- panel -->
        <div panel-name="group-Regression_Suite" class="panel">
          <div class="main-panel-header rounded-window-top">
            <span class="header-content">Groups for Regression Suite</span>
          </div> <!-- main-panel-header rounded-window-top -->
          <div class="main-panel-content rounded-window-bottom">
          </div> <!-- main-panel-content rounded-window-bottom -->
        </div> <!-- panel -->
        <div panel-name="times-Regression_Suite" class="panel">
          <div class="main-panel-header rounded-window-top">
            <span class="header-content">Times for Regression Suite</span>
          </div> <!-- main-panel-header rounded-window-top -->
          <div class="main-panel-content rounded-window-bottom">
            <div class="times-div">
              <script type="text/javascript">
suiteTableInitFunctions.push('tableData_Regression_Suite');
function tableData_Regression_Suite() {
var data = new google.visualization.DataTable();
data.addColumn('number', 'Number');
data.addColumn('string', 'Method');
data.addColumn('string', 'Class');
data.addColumn('number', 'Time (ms)');
data.addRows(15);
data.setCell(0, 0, 0)
data.setCell(0, 1, 'testLoggedInUserCheckoutUsingDirectBankTransfer')
data.setCell(0, 2, 'org.selenium.pom.tests.MyFirstTestCase')
data.setCell(0, 3, 49133);
data.setCell(1, 0, 1)
data.setCell(1, 1, 'testLoggedInUserCheckoutUsingDirectBankTransfer')
data.setCell(1, 2, 'org.selenium.pom.tests.MyFirstTestCase')
data.setCell(1, 3, 39032);
data.setCell(2, 0, 2)
data.setCell(2, 1, 'testGuestCheckoutOfOneProductUsingDirectBankTransfer')
data.setCell(2, 2, 'org.selenium.pom.tests.MyFirstTestCase')
data.setCell(2, 3, 22755);
data.setCell(3, 0, 3)
data.setCell(3, 1, 'testGuestCheckoutOfOneProductUsingDirectBankTransfer')
data.setCell(3, 2, 'org.selenium.pom.tests.MyFirstTestCase')
data.setCell(3, 3, 22468);
data.setCell(4, 0, 4)
data.setCell(4, 1, 'addFeaturedProductsToCart')
data.setCell(4, 2, 'org.selenium.pom.tests.AddToCartTest')
data.setCell(4, 3, 13494);
data.setCell(5, 0, 5)
data.setCell(5, 1, 'addFeaturedProductsToCart')
data.setCell(5, 2, 'org.selenium.pom.tests.AddToCartTest')
data.setCell(5, 3, 8187);
data.setCell(6, 0, 6)
data.setCell(6, 1, 'addFeaturedProductsToCart')
data.setCell(6, 2, 'org.selenium.pom.tests.AddToCartTest')
data.setCell(6, 3, 7919);
data.setCell(7, 0, 7)
data.setCell(7, 1, 'addProductsToCart')
data.setCell(7, 2, 'org.selenium.pom.tests.AddToCartTest')
data.setCell(7, 3, 6804);
data.setCell(8, 0, 8)
data.setCell(8, 1, 'addProductsToCart')
data.setCell(8, 2, 'org.selenium.pom.tests.AddToCartTest')
data.setCell(8, 3, 6614);
data.setCell(9, 0, 9)
data.setCell(9, 1, 'addProductsToCart')
data.setCell(9, 2, 'org.selenium.pom.tests.AddToCartTest')
data.setCell(9, 3, 6402);
data.setCell(10, 0, 10)
data.setCell(10, 1, 'addProductsToCart')
data.setCell(10, 2, 'org.selenium.pom.tests.AddToCartTest')
data.setCell(10, 3, 5636);
data.setCell(11, 0, 11)
data.setCell(11, 1, 'searchWithPartialMatch')
data.setCell(11, 2, 'org.selenium.pom.tests.SearchTest')
data.setCell(11, 3, 5476);
data.setCell(12, 0, 12)
data.setCell(12, 1, 'addProductsToCart')
data.setCell(12, 2, 'org.selenium.pom.tests.AddToCartTest')
data.setCell(12, 3, 5188);
data.setCell(13, 0, 13)
data.setCell(13, 1, 'addToCartFromStorePage')
data.setCell(13, 2, 'org.selenium.pom.tests.AddToCartTest')
data.setCell(13, 3, 4822);
data.setCell(14, 0, 14)
data.setCell(14, 1, 'testnavigateFromHomeToStoreUsingMainMenu')
data.setCell(14, 2, 'org.selenium.pom.tests.NavigationTest')
data.setCell(14, 3, 1970);
window.suiteTableData['Regression_Suite']= { tableData: data, tableDiv: 'times-div-Regression_Suite'}
return data;
}
              </script>
              <span class="suite-total-time">Total running time: 1 minutes</span>
              <div id="times-div-Regression_Suite">
              </div> <!-- times-div-Regression_Suite -->
            </div> <!-- times-div -->
          </div> <!-- main-panel-content rounded-window-bottom -->
        </div> <!-- panel -->
        <div panel-name="reporter-Regression_Suite" class="panel">
          <div class="main-panel-header rounded-window-top">
            <span class="header-content">Reporter output for Regression Suite</span>
          </div> <!-- main-panel-header rounded-window-top -->
          <div class="main-panel-content rounded-window-bottom">
          </div> <!-- main-panel-content rounded-window-bottom -->
        </div> <!-- panel -->
        <div panel-name="ignored-methods-Regression_Suite" class="panel">
          <div class="main-panel-header rounded-window-top">
            <span class="header-content">0 ignored methods</span>
          </div> <!-- main-panel-header rounded-window-top -->
          <div class="main-panel-content rounded-window-bottom">
          </div> <!-- main-panel-content rounded-window-bottom -->
        </div> <!-- panel -->
        <div panel-name="chronological-Regression_Suite" class="panel">
          <div class="main-panel-header rounded-window-top">
            <span class="header-content">Methods in chronological order</span>
          </div> <!-- main-panel-header rounded-window-top -->
          <div class="main-panel-content rounded-window-bottom">
            <div class="chronological-class">
              <div class="chronological-class-name">org.selenium.pom.tests.MyFirstTestCase</div> <!-- chronological-class-name -->
              <div class="configuration-method before">
                <span class="method-name">startDriver(FIREFOX)</span>
                <span class="method-start">0 ms</span>
              </div> <!-- configuration-method before -->
              <div class="configuration-method before">
                <span class="method-name">startDriver(FIREFOX)</span>
                <span class="method-start">0 ms</span>
              </div> <!-- configuration-method before -->
            </div> <!-- chronological-class -->
            <div class="chronological-class">
              <div class="chronological-class-name">org.selenium.pom.tests.AddToCartTest</div> <!-- chronological-class-name -->
              <div class="configuration-method before">
                <span class="method-name">startDriver(CHROME)</span>
                <span class="method-start">249 ms</span>
              </div> <!-- configuration-method before -->
              <div class="configuration-method before">
                <span class="method-name">startDriver(CHROME)</span>
                <span class="method-start">249 ms</span>
              </div> <!-- configuration-method before -->
              <div class="configuration-method before">
                <span class="method-name">startDriver(CHROME)</span>
                <span class="method-start">249 ms</span>
              </div> <!-- configuration-method before -->
              <div class="configuration-method before">
                <span class="method-name">startDriver(CHROME)</span>
                <span class="method-start">250 ms</span>
              </div> <!-- configuration-method before -->
              <div class="configuration-method before">
                <span class="method-name">startDriver(CHROME)</span>
                <span class="method-start">250 ms</span>
              </div> <!-- configuration-method before -->
              <div class="configuration-method before">
                <span class="method-name">startDriver(CHROME)</span>
                <span class="method-start">250 ms</span>
              </div> <!-- configuration-method before -->
              <div class="configuration-method before">
                <span class="method-name">startDriver(CHROME)</span>
                <span class="method-start">251 ms</span>
              </div> <!-- configuration-method before -->
              <div class="configuration-method before">
                <span class="method-name">startDriver(CHROME)</span>
                <span class="method-start">251 ms</span>
              </div> <!-- configuration-method before -->
              <div class="test-method">
                <span class="method-name">addFeaturedProductsToCart(org.selenium.pom.model.Product@5dc32ec0)</span>
                <span class="method-start">5302 ms</span>
              </div> <!-- test-method -->
              <div class="test-method">
                <span class="method-name">addFeaturedProductsToCart(org.selenium.pom.model.Product@19a35a5a)</span>
                <span class="method-start">5302 ms</span>
              </div> <!-- test-method -->
              <div class="test-method">
                <span class="method-name">addFeaturedProductsToCart(org.selenium.pom.model.Product@43b7960e)</span>
                <span class="method-start">5340 ms</span>
              </div> <!-- test-method -->
              <div class="test-method">
                <span class="method-name">addProductsToCart(org.selenium.pom.model.Product@5585867b)</span>
                <span class="method-start">7302 ms</span>
              </div> <!-- test-method -->
              <div class="test-method">
                <span class="method-name">addProductsToCart(org.selenium.pom.model.Product@430c7849)</span>
                <span class="method-start">7569 ms</span>
              </div> <!-- test-method -->
              <div class="test-method">
                <span class="method-name">addProductsToCart(org.selenium.pom.model.Product@67fd0c54)</span>
                <span class="method-start">8079 ms</span>
              </div> <!-- test-method -->
              <div class="test-method">
                <span class="method-name">addProductsToCart(org.selenium.pom.model.Product@54960b00)</span>
                <span class="method-start">10659 ms</span>
              </div> <!-- test-method -->
              <div class="test-method">
                <span class="method-name">addProductsToCart(org.selenium.pom.model.Product@4087339d)</span>
                <span class="method-start">11049 ms</span>
              </div> <!-- test-method -->
              <div class="configuration-method after">
                <span class="method-name">quitDriver(CHROME, [TestResult name=addFeaturedProductsToCart status=SUCCESS method=AddToCartTest.addFeaturedPr...)</span>
                <span class="method-start">13264 ms</span>
              </div> <!-- configuration-method after -->
              <div class="configuration-method after">
                <span class="method-name">quitDriver(CHROME, [TestResult name=addFeaturedProductsToCart status=SUCCESS method=AddToCartTest.addFeaturedPr...)</span>
                <span class="method-start">13493 ms</span>
              </div> <!-- configuration-method after -->
              <div class="configuration-method after">
                <span class="method-name">quitDriver(CHROME, [TestResult name=addProductsToCart status=SUCCESS method=AddToCartTest.addProductsToCart(org...)</span>
                <span class="method-start">13923 ms</span>
              </div> <!-- configuration-method after -->
              <div class="configuration-method after">
                <span class="method-name">quitDriver(CHROME, [TestResult name=addProductsToCart status=SUCCESS method=AddToCartTest.addProductsToCart(org...)</span>
                <span class="method-start">13975 ms</span>
              </div> <!-- configuration-method after -->
              <div class="configuration-method after">
                <span class="method-name">quitDriver(CHROME, [TestResult name=addProductsToCart status=SUCCESS method=AddToCartTest.addProductsToCart(org...)</span>
                <span class="method-start">14887 ms</span>
              </div> <!-- configuration-method after -->
              <div class="configuration-method after">
                <span class="method-name">quitDriver(CHROME, [TestResult name=addProductsToCart status=SUCCESS method=AddToCartTest.addProductsToCart(org...)</span>
                <span class="method-start">15851 ms</span>
              </div> <!-- configuration-method after -->
              <div class="configuration-method after">
                <span class="method-name">quitDriver(CHROME, [TestResult name=addProductsToCart status=SUCCESS method=AddToCartTest.addProductsToCart(org...)</span>
                <span class="method-start">16689 ms</span>
              </div> <!-- configuration-method after -->
              <div class="configuration-method before">
                <span class="method-name">startDriver(CHROME)</span>
                <span class="method-start">18354 ms</span>
              </div> <!-- configuration-method before -->
              <div class="configuration-method after">
                <span class="method-name">quitDriver(CHROME, [TestResult name=addFeaturedProductsToCart status=SUCCESS method=AddToCartTest.addFeaturedPr...)</span>
                <span class="method-start">18839 ms</span>
              </div> <!-- configuration-method after -->
            </div> <!-- chronological-class -->
            <div class="chronological-class">
              <div class="chronological-class-name">org.selenium.pom.tests.MyFirstTestCase</div> <!-- chronological-class-name -->
              <div class="configuration-method before">
                <span class="method-name">startDriver(CHROME)</span>
                <span class="method-start">19713 ms</span>
              </div> <!-- configuration-method before -->
              <div class="test-method">
                <span class="method-name">testLoggedInUserCheckoutUsingDirectBankTransfer</span>
                <span class="method-start">19969 ms</span>
              </div> <!-- test-method -->
              <div class="test-method">
                <span class="method-name">testGuestCheckoutOfOneProductUsingDirectBankTransfer</span>
                <span class="method-start">21061 ms</span>
              </div> <!-- test-method -->
            </div> <!-- chronological-class -->
            <div class="chronological-class">
              <div class="chronological-class-name">org.selenium.pom.tests.AddToCartTest</div> <!-- chronological-class-name -->
              <div class="test-method">
                <span class="method-name">addToCartFromStorePage</span>
                <span class="method-start">21475 ms</span>
              </div> <!-- test-method -->
            </div> <!-- chronological-class -->
            <div class="chronological-class">
              <div class="chronological-class-name">org.selenium.pom.tests.MyFirstTestCase</div> <!-- chronological-class-name -->
              <div class="test-method">
                <span class="method-name">testGuestCheckoutOfOneProductUsingDirectBankTransfer</span>
                <span class="method-start">23866 ms</span>
              </div> <!-- test-method -->
            </div> <!-- chronological-class -->
            <div class="chronological-class">
              <div class="chronological-class-name">org.selenium.pom.tests.AddToCartTest</div> <!-- chronological-class-name -->
              <div class="configuration-method after">
                <span class="method-name">quitDriver(CHROME, [TestResult name=addToCartFromStorePage status=SUCCESS method=AddToCartTest.addToCartFromSto...)</span>
                <span class="method-start">26299 ms</span>
              </div> <!-- configuration-method after -->
            </div> <!-- chronological-class -->
            <div class="chronological-class">
              <div class="chronological-class-name">org.selenium.pom.tests.MyFirstTestCase</div> <!-- chronological-class-name -->
              <div class="configuration-method before">
                <span class="method-name">startDriver(CHROME)</span>
                <span class="method-start">27064 ms</span>
              </div> <!-- configuration-method before -->
              <div class="test-method">
                <img src="failed.png">
                </img>
                <span class="method-name">testLoggedInUserCheckoutUsingDirectBankTransfer</span>
                <span class="method-start">29429 ms</span>
              </div> <!-- test-method -->
              <div class="configuration-method after">
                <span class="method-name">quitDriver(FIREFOX, [TestResult name=testGuestCheckoutOfOneProductUsingDirectBankTransfer status=SUCCESS method...)</span>
                <span class="method-start">43823 ms</span>
              </div> <!-- configuration-method after -->
              <div class="configuration-method after">
                <span class="method-name">quitDriver(CHROME, [TestResult name=testGuestCheckoutOfOneProductUsingDirectBankTransfer status=SUCCESS method=...)</span>
                <span class="method-start">46337 ms</span>
              </div> <!-- configuration-method after -->
            </div> <!-- chronological-class -->
            <div class="chronological-class">
              <div class="chronological-class-name">org.selenium.pom.tests.NavigationTest</div> <!-- chronological-class-name -->
              <div class="configuration-method before">
                <span class="method-name">startDriver(CHROME)</span>
                <span class="method-start">47110 ms</span>
              </div> <!-- configuration-method before -->
              <div class="test-method">
                <span class="method-name">testnavigateFromHomeToStoreUsingMainMenu</span>
                <span class="method-start">49189 ms</span>
              </div> <!-- test-method -->
              <div class="configuration-method after">
                <span class="method-name">quitDriver(CHROME, [TestResult name=testnavigateFromHomeToStoreUsingMainMenu status=SUCCESS method=NavigationTe...)</span>
                <span class="method-start">51161 ms</span>
              </div> <!-- configuration-method after -->
            </div> <!-- chronological-class -->
            <div class="chronological-class">
              <div class="chronological-class-name">org.selenium.pom.tests.SearchTest</div> <!-- chronological-class-name -->
              <div class="configuration-method before">
                <span class="method-name">startDriver(CHROME)</span>
                <span class="method-start">51859 ms</span>
              </div> <!-- configuration-method before -->
              <div class="test-method">
                <span class="method-name">searchWithPartialMatch</span>
                <span class="method-start">54010 ms</span>
              </div> <!-- test-method -->
            </div> <!-- chronological-class -->
            <div class="chronological-class">
              <div class="chronological-class-name">org.selenium.pom.tests.MyFirstTestCase</div> <!-- chronological-class-name -->
              <div class="configuration-method after">
                <span class="method-name">quitDriver(FIREFOX, [TestResult name=testLoggedInUserCheckoutUsingDirectBankTransfer status=SUCCESS method=MyFi...)</span>
                <span class="method-start">59004 ms</span>
              </div> <!-- configuration-method after -->
            </div> <!-- chronological-class -->
            <div class="chronological-class">
              <div class="chronological-class-name">org.selenium.pom.tests.SearchTest</div> <!-- chronological-class-name -->
              <div class="configuration-method after">
                <span class="method-name">quitDriver(CHROME, [TestResult name=searchWithPartialMatch status=SUCCESS method=SearchTest.searchWithPartialMa...)</span>
                <span class="method-start">59487 ms</span>
              </div> <!-- configuration-method after -->
            </div> <!-- chronological-class -->
            <div class="chronological-class">
              <div class="chronological-class-name">org.selenium.pom.tests.MyFirstTestCase</div> <!-- chronological-class-name -->
              <div class="configuration-method after">
                <span class="method-name">quitDriver(CHROME, [TestResult name=testLoggedInUserCheckoutUsingDirectBankTransfer status=FAILURE method=MyFir...)</span>
                <span class="method-start">78566 ms</span>
              </div> <!-- configuration-method after -->
          </div> <!-- main-panel-content rounded-window-bottom -->
        </div> <!-- panel -->
      </div> <!-- main-panel-root -->
    </div> <!-- wrapper -->
  </body>
<script type="text/javascript" src="testng-reports2.js"></script>
</html>
