<?xml version="1.0" encoding="UTF-8"?>
<testng-results ignored="0" total="1" passed="1" failed="0" skipped="0">
  <reporter-output>
  </reporter-output>
  <suite started-at="2026-01-04T12:51:49 EST" name="Default suite" finished-at="2026-01-04T12:52:20 EST" duration-ms="31155">
    <groups>
    </groups>
    <test started-at="2026-01-04T12:51:49 EST" name="Default test" finished-at="2026-01-04T12:52:20 EST" duration-ms="31155">
      <class name="org.selenium.MyFirstTestCase">
        <test-method is-config="true" signature="startDriver()[pri:0, instance:org.selenium.MyFirstTestCase@272113c4]" started-at="2026-01-04T12:51:49 EST" name="startDriver" finished-at="2026-01-04T12:51:53 EST" duration-ms="4210" status="PASS">
          <reporter-output>
          </reporter-output>
        </test-method> <!-- startDriver -->
        <test-method signature="guestStopsAtPlaceOrder()[pri:0, instance:org.selenium.MyFirstTestCase@272113c4]" started-at="2026-01-04T12:51:53 EST" name="guestStopsAtPlaceOrder" finished-at="2026-01-04T12:52:19 EST" duration-ms="26145" status="PASS">
          <reporter-output>
          </reporter-output>
        </test-method> <!-- guestStopsAtPlaceOrder -->
        <test-method is-config="true" signature="quitDriver()[pri:0, instance:org.selenium.MyFirstTestCase@272113c4]" started-at="2026-01-04T12:52:19 EST" name="quitDriver" finished-at="2026-01-04T12:52:20 EST" duration-ms="760" status="PASS">
          <reporter-output>
          </reporter-output>
        </test-method> <!-- quitDriver -->
      </class> <!-- org.selenium.MyFirstTestCase -->
    </test> <!-- Default test -->
  </suite> <!-- Default suite -->
</testng-results>
