<?xml version="1.0" encoding="UTF-8"?>
<testng-results ignored="0" total="15" passed="14" failed="1" skipped="0">
  <reporter-output>
  </reporter-output>
  <suite started-at="2026-01-15T06:21:29 EST" name="Regression Suite" finished-at="2026-01-15T06:22:49 EST" duration-ms="79576">
    <groups>
    </groups>
    <test started-at="2026-01-15T06:21:29 EST" name="Firefox" finished-at="2026-01-15T06:22:30 EST" duration-ms="60632">
      <class name="org.selenium.pom.tests.MyFirstTestCase">
        <test-method is-config="true" signature="startDriver(java.lang.String)[pri:0, instance:org.selenium.pom.tests.MyFirstTestCase@67d86804]" started-at="2026-01-15T06:21:29 EST" name="startDriver" finished-at="2026-01-15T06:21:50 EST" duration-ms="21044" status="PASS">
          <params>
            <param index="0">
              <value>
                <![CDATA[FIREFOX]]>
              </value>
            </param>
          </params>
          <reporter-output>
          </reporter-output>
        </test-method> <!-- startDriver -->
        <test-method is-config="true" signature="startDriver(java.lang.String)[pri:0, instance:org.selenium.pom.tests.MyFirstTestCase@67d86804]" started-at="2026-01-15T06:21:29 EST" name="startDriver" finished-at="2026-01-15T06:21:49 EST" duration-ms="19960" status="PASS">
          <params>
            <param index="0">
              <value>
                <![CDATA[FIREFOX]]>
              </value>
            </param>
          </params>
          <reporter-output>
          </reporter-output>
        </test-method> <!-- startDriver -->
        <test-method signature="testLoggedInUserCheckoutUsingDirectBankTransfer()[pri:0, instance:org.selenium.pom.tests.MyFirstTestCase@67d86804]" started-at="2026-01-15T06:21:49 EST" name="testLoggedInUserCheckoutUsingDirectBankTransfer" finished-at="2026-01-15T06:22:28 EST" duration-ms="39032" status="PASS">
          <reporter-output>
          </reporter-output>
        </test-method> <!-- testLoggedInUserCheckoutUsingDirectBankTransfer -->
        <test-method signature="testGuestCheckoutOfOneProductUsingDirectBankTransfer()[pri:0, instance:org.selenium.pom.tests.MyFirstTestCase@67d86804]" started-at="2026-01-15T06:21:50 EST" name="testGuestCheckoutOfOneProductUsingDirectBankTransfer" finished-at="2026-01-15T06:22:13 EST" duration-ms="22755" status="PASS">
          <reporter-output>
          </reporter-output>
        </test-method> <!-- testGuestCheckoutOfOneProductUsingDirectBankTransfer -->
        <test-method is-config="true" signature="quitDriver(java.lang.String,org.testng.ITestResult)[pri:0, instance:org.selenium.pom.tests.MyFirstTestCase@67d86804]" started-at="2026-01-15T06:22:13 EST" name="quitDriver" finished-at="2026-01-15T06:22:15 EST" duration-ms="1549" status="PASS">
          <params>
            <param index="0">
              <value>
                <![CDATA[FIREFOX]]>
              </value>
            </param>
            <param index="1">
              <value>
                <![CDATA[[TestResult name=testGuestCheckoutOfOneProductUsingDirectBankTransfer status=SUCCESS method=MyFirstTestCase.testGuestCheckoutOfOneProductUsingDirectBankTransfer()[pri:0, instance:org.selenium.pom.tests.MyFirstTestCase@67d86804] output={null}]]]>
              </value>
            </param>
          </params>
          <reporter-output>
          </reporter-output>
        </test-method> <!-- quitDriver -->
        <test-method is-config="true" signature="quitDriver(java.lang.String,org.testng.ITestResult)[pri:0, instance:org.selenium.pom.tests.MyFirstTestCase@67d86804]" started-at="2026-01-15T06:22:28 EST" name="quitDriver" finished-at="2026-01-15T06:22:30 EST" duration-ms="1519" status="PASS">
          <params>
            <param index="0">
              <value>
                <![CDATA[FIREFOX]]>
              </value>
            </param>
            <param index="1">
              <value>
                <![CDATA[[TestResult name=testLoggedInUserCheckoutUsingDirectBankTransfer status=SUCCESS method=MyFirstTestCase.testLoggedInUserCheckoutUsingDirectBankTransfer()[pri:0, instance:org.selenium.pom.tests.MyFirstTestCase@67d86804] output={null}]]]>
              </value>
            </param>
          </params>
          <reporter-output>
          </reporter-output>
        </test-method> <!-- quitDriver -->
      </class> <!-- org.selenium.pom.tests.MyFirstTestCase -->
    </test> <!-- Firefox -->
    <test started-at="2026-01-15T06:21:29 EST" name="Chrome" finished-at="2026-01-15T06:22:49 EST" duration-ms="79576">
      <class name="org.selenium.pom.tests.NavigationTest">
        <test-method is-config="true" signature="startDriver(java.lang.String)[pri:0, instance:org.selenium.pom.tests.NavigationTest@cb03411]" started-at="2026-01-15T06:22:16 EST" name="startDriver" finished-at="2026-01-15T06:22:18 EST" duration-ms="2077" status="PASS">
          <params>
            <param index="0">
              <value>
                <![CDATA[CHROME]]>
              </value>
            </param>
          </params>
          <reporter-output>
          </reporter-output>
        </test-method> <!-- startDriver -->
        <test-method signature="testnavigateFromHomeToStoreUsingMainMenu()[pri:0, instance:org.selenium.pom.tests.NavigationTest@cb03411]" started-at="2026-01-15T06:22:18 EST" name="testnavigateFromHomeToStoreUsingMainMenu" description="Should be able to navigate from home page to store page using main menu" finished-at="2026-01-15T06:22:20 EST" duration-ms="1970" status="PASS">
          <reporter-output>
          </reporter-output>
        </test-method> <!-- testnavigateFromHomeToStoreUsingMainMenu -->
        <test-method is-config="true" signature="quitDriver(java.lang.String,org.testng.ITestResult)[pri:0, instance:org.selenium.pom.tests.NavigationTest@cb03411]" started-at="2026-01-15T06:22:20 EST" name="quitDriver" finished-at="2026-01-15T06:22:21 EST" duration-ms="696" status="PASS">
          <params>
            <param index="0">
              <value>
                <![CDATA[CHROME]]>
              </value>
            </param>
            <param index="1">
              <value>
                <![CDATA[[TestResult name=testnavigateFromHomeToStoreUsingMainMenu status=SUCCESS method=NavigationTest.testnavigateFromHomeToStoreUsingMainMenu()[pri:0, instance:org.selenium.pom.tests.NavigationTest@cb03411] output={null}]]]>
              </value>
            </param>
          </params>
          <reporter-output>
          </reporter-output>
        </test-method> <!-- quitDriver -->
      </class> <!-- org.selenium.pom.tests.NavigationTest -->
      <class name="org.selenium.pom.tests.SearchTest">
        <test-method is-config="true" signature="startDriver(java.lang.String)[pri:0, instance:org.selenium.pom.tests.SearchTest@4c59e45e]" started-at="2026-01-15T06:22:21 EST" name="startDriver" finished-at="2026-01-15T06:22:23 EST" duration-ms="2148" status="PASS">
          <params>
            <param index="0">
              <value>
                <![CDATA[CHROME]]>
              </value>
            </param>
          </params>
          <reporter-output>
          </reporter-output>
        </test-method> <!-- startDriver -->
        <test-method signature="searchWithPartialMatch()[pri:0, instance:org.selenium.pom.tests.SearchTest@4c59e45e]" started-at="2026-01-15T06:22:23 EST" name="searchWithPartialMatch" finished-at="2026-01-15T06:22:29 EST" duration-ms="5476" status="PASS">
          <reporter-output>
          </reporter-output>
        </test-method> <!-- searchWithPartialMatch -->
        <test-method is-config="true" signature="quitDriver(java.lang.String,org.testng.ITestResult)[pri:0, instance:org.selenium.pom.tests.SearchTest@4c59e45e]" started-at="2026-01-15T06:22:29 EST" name="quitDriver" finished-at="2026-01-15T06:22:29 EST" duration-ms="703" status="PASS">
          <params>
            <param index="0">
              <value>
                <![CDATA[CHROME]]>
              </value>
            </param>
            <param index="1">
              <value>
                <![CDATA[[TestResult name=searchWithPartialMatch status=SUCCESS method=SearchTest.searchWithPartialMatch()[pri:0, instance:org.selenium.pom.tests.SearchTest@4c59e45e] output={null}]]]>
              </value>
            </param>
          </params>
          <reporter-output>
          </reporter-output>
        </test-method> <!-- quitDriver -->
      </class> <!-- org.selenium.pom.tests.SearchTest -->
      <class name="org.selenium.pom.tests.AddToCartTest">
        <test-method is-config="true" signature="startDriver(java.lang.String)[pri:0, instance:org.selenium.pom.tests.AddToCartTest@53dad875]" started-at="2026-01-15T06:21:30 EST" name="startDriver" finished-at="2026-01-15T06:21:34 EST" duration-ms="4926" status="PASS">
          <params>
            <param index="0">
              <value>
                <![CDATA[CHROME]]>
              </value>
            </param>
          </params>
          <reporter-output>
          </reporter-output>
        </test-method> <!-- startDriver -->
        <test-method is-config="true" signature="startDriver(java.lang.String)[pri:0, instance:org.selenium.pom.tests.AddToCartTest@53dad875]" started-at="2026-01-15T06:21:30 EST" name="startDriver" finished-at="2026-01-15T06:21:37 EST" duration-ms="7827" status="PASS">
          <params>
            <param index="0">
              <value>
                <![CDATA[CHROME]]>
              </value>
            </param>
          </params>
          <reporter-output>
          </reporter-output>
        </test-method> <!-- startDriver -->
        <test-method is-config="true" signature="startDriver(java.lang.String)[pri:0, instance:org.selenium.pom.tests.AddToCartTest@53dad875]" started-at="2026-01-15T06:21:30 EST" name="startDriver" finished-at="2026-01-15T06:21:37 EST" duration-ms="6977" status="PASS">
          <params>
            <param index="0">
              <value>
                <![CDATA[CHROME]]>
              </value>
            </param>
          </params>
          <reporter-output>
          </reporter-output>
        </test-method> <!-- startDriver -->
        <test-method is-config="true" signature="startDriver(java.lang.String)[pri:0, instance:org.selenium.pom.tests.AddToCartTest@53dad875]" started-at="2026-01-15T06:21:30 EST" name="startDriver" finished-at="2026-01-15T06:21:40 EST" duration-ms="10375" status="PASS">
          <params>
            <param index="0">
              <value>
                <![CDATA[CHROME]]>
              </value>
            </param>
          </params>
          <reporter-output>
          </reporter-output>
        </test-method> <!-- startDriver -->
        <test-method is-config="true" signature="startDriver(java.lang.String)[pri:0, instance:org.selenium.pom.tests.AddToCartTest@53dad875]" started-at="2026-01-15T06:21:30 EST" name="startDriver" finished-at="2026-01-15T06:21:34 EST" duration-ms="4926" status="PASS">
          <params>
            <param index="0">
              <value>
                <![CDATA[CHROME]]>
              </value>
            </param>
          </params>
          <reporter-output>
          </reporter-output>
        </test-method> <!-- startDriver -->
        <test-method is-config="true" signature="startDriver(java.lang.String)[pri:0, instance:org.selenium.pom.tests.AddToCartTest@53dad875]" started-at="2026-01-15T06:21:30 EST" name="startDriver" finished-at="2026-01-15T06:21:34 EST" duration-ms="4926" status="PASS">
          <params>
            <param index="0">
              <value>
                <![CDATA[CHROME]]>
              </value>
            </param>
          </params>
          <reporter-output>
          </reporter-output>
        </test-method> <!-- startDriver -->
        <test-method is-config="true" signature="startDriver(java.lang.String)[pri:0, instance:org.selenium.pom.tests.AddToCartTest@53dad875]" started-at="2026-01-15T06:21:30 EST" name="startDriver" finished-at="2026-01-15T06:21:40 EST" duration-ms="10793" status="PASS">
          <params>
            <param index="0">
              <value>
                <![CDATA[CHROME]]>
              </value>
            </param>
          </params>
          <reporter-output>
          </reporter-output>
        </test-method> <!-- startDriver -->
        <test-method is-config="true" signature="startDriver(java.lang.String)[pri:0, instance:org.selenium.pom.tests.AddToCartTest@53dad875]" started-at="2026-01-15T06:21:30 EST" name="startDriver" finished-at="2026-01-15T06:21:37 EST" duration-ms="7314" status="PASS">
          <params>
            <param index="0">
              <value>
                <![CDATA[CHROME]]>
              </value>
            </param>
          </params>
          <reporter-output>
          </reporter-output>
        </test-method> <!-- startDriver -->
        <test-method signature="addFeaturedProductsToCart(org.selenium.pom.model.Product)[pri:0, instance:org.selenium.pom.tests.AddToCartTest@53dad875]" started-at="2026-01-15T06:21:35 EST" name="addFeaturedProductsToCart" description="Should be able to add featured products to cart from store page" data-provider="getFeaturedProducts" finished-at="2026-01-15T06:21:43 EST" duration-ms="8187" status="PASS">
          <params>
            <param index="0">
              <value>
                <![CDATA[org.selenium.pom.model.Product@19a35a5a]]>
              </value>
            </param>
          </params>
          <reporter-output>
          </reporter-output>
        </test-method> <!-- addFeaturedProductsToCart -->
        <test-method signature="addFeaturedProductsToCart(org.selenium.pom.model.Product)[pri:0, instance:org.selenium.pom.tests.AddToCartTest@53dad875]" started-at="2026-01-15T06:21:35 EST" name="addFeaturedProductsToCart" description="Should be able to add featured products to cart from store page" data-provider="getFeaturedProducts" finished-at="2026-01-15T06:21:43 EST" duration-ms="7919" status="PASS">
          <params>
            <param index="0">
              <value>
                <![CDATA[org.selenium.pom.model.Product@5dc32ec0]]>
              </value>
            </param>
          </params>
          <reporter-output>
          </reporter-output>
        </test-method> <!-- addFeaturedProductsToCart -->
        <test-method signature="addFeaturedProductsToCart(org.selenium.pom.model.Product)[pri:0, instance:org.selenium.pom.tests.AddToCartTest@53dad875]" started-at="2026-01-15T06:21:35 EST" name="addFeaturedProductsToCart" description="Should be able to add featured products to cart from store page" data-provider="getFeaturedProducts" finished-at="2026-01-15T06:21:48 EST" duration-ms="13494" status="PASS">
          <params>
            <param index="0">
              <value>
                <![CDATA[org.selenium.pom.model.Product@43b7960e]]>
              </value>
            </param>
          </params>
          <reporter-output>
          </reporter-output>
        </test-method> <!-- addFeaturedProductsToCart -->
        <test-method signature="addProductsToCart(org.selenium.pom.model.Product)[pri:0, instance:org.selenium.pom.tests.AddToCartTest@53dad875]" started-at="2026-01-15T06:21:37 EST" name="addProductsToCart" description="Should be able to add products to cart - using data providers" data-provider="getProducts" finished-at="2026-01-15T06:21:43 EST" duration-ms="6614" status="PASS">
          <params>
            <param index="0">
              <value>
                <![CDATA[org.selenium.pom.model.Product@5585867b]]>
              </value>
            </param>
          </params>
          <reporter-output>
          </reporter-output>
        </test-method> <!-- addProductsToCart -->
        <test-method signature="addProductsToCart(org.selenium.pom.model.Product)[pri:0, instance:org.selenium.pom.tests.AddToCartTest@53dad875]" started-at="2026-01-15T06:21:37 EST" name="addProductsToCart" description="Should be able to add products to cart - using data providers" data-provider="getProducts" finished-at="2026-01-15T06:21:43 EST" duration-ms="6402" status="PASS">
          <params>
            <param index="0">
              <value>
                <![CDATA[org.selenium.pom.model.Product@430c7849]]>
              </value>
            </param>
          </params>
          <reporter-output>
          </reporter-output>
        </test-method> <!-- addProductsToCart -->
        <test-method signature="addProductsToCart(org.selenium.pom.model.Product)[pri:0, instance:org.selenium.pom.tests.AddToCartTest@53dad875]" started-at="2026-01-15T06:21:37 EST" name="addProductsToCart" description="Should be able to add products to cart - using data providers" data-provider="getProducts" finished-at="2026-01-15T06:21:44 EST" duration-ms="6804" status="PASS">
          <params>
            <param index="0">
              <value>
                <![CDATA[org.selenium.pom.model.Product@67fd0c54]]>
              </value>
            </param>
          </params>
          <reporter-output>
          </reporter-output>
        </test-method> <!-- addProductsToCart -->
        <test-method signature="addProductsToCart(org.selenium.pom.model.Product)[pri:0, instance:org.selenium.pom.tests.AddToCartTest@53dad875]" started-at="2026-01-15T06:21:40 EST" name="addProductsToCart" description="Should be able to add products to cart - using data providers" data-provider="getProducts" finished-at="2026-01-15T06:21:45 EST" duration-ms="5188" status="PASS">
          <params>
            <param index="0">
              <value>
                <![CDATA[org.selenium.pom.model.Product@54960b00]]>
              </value>
            </param>
          </params>
          <reporter-output>
          </reporter-output>
        </test-method> <!-- addProductsToCart -->
        <test-method signature="addProductsToCart(org.selenium.pom.model.Product)[pri:0, instance:org.selenium.pom.tests.AddToCartTest@53dad875]" started-at="2026-01-15T06:21:40 EST" name="addProductsToCart" description="Should be able to add products to cart - using data providers" data-provider="getProducts" finished-at="2026-01-15T06:21:46 EST" duration-ms="5636" status="PASS">
          <params>
            <param index="0">
              <value>
                <![CDATA[org.selenium.pom.model.Product@4087339d]]>
              </value>
            </param>
          </params>
          <reporter-output>
          </reporter-output>
        </test-method> <!-- addProductsToCart -->
        <test-method is-config="true" signature="quitDriver(java.lang.String,org.testng.ITestResult)[pri:0, instance:org.selenium.pom.tests.AddToCartTest@53dad875]" started-at="2026-01-15T06:21:43 EST" name="quitDriver" finished-at="2026-01-15T06:21:47 EST" duration-ms="4465" status="PASS">
          <params>
            <param index="0">
              <value>
                <![CDATA[CHROME]]>
              </value>
            </param>
            <param index="1">
              <value>
                <![CDATA[[TestResult name=addFeaturedProductsToCart status=SUCCESS method=AddToCartTest.addFeaturedProductsToCart(org.selenium.pom.model.Product)[pri:0, instance:org.selenium.pom.tests.AddToCartTest@53dad875] output={null}]]]>
              </value>
            </param>
          </params>
          <reporter-output>
          </reporter-output>
        </test-method> <!-- quitDriver -->
        <test-method is-config="true" signature="quitDriver(java.lang.String,org.testng.ITestResult)[pri:0, instance:org.selenium.pom.tests.AddToCartTest@53dad875]" started-at="2026-01-15T06:21:43 EST" name="quitDriver" finished-at="2026-01-15T06:21:47 EST" duration-ms="3883" status="PASS">
          <params>
            <param index="0">
              <value>
                <![CDATA[CHROME]]>
              </value>
            </param>
            <param index="1">
              <value>
                <![CDATA[[TestResult name=addFeaturedProductsToCart status=SUCCESS method=AddToCartTest.addFeaturedProductsToCart(org.selenium.pom.model.Product)[pri:0, instance:org.selenium.pom.tests.AddToCartTest@53dad875] output={null}]]]>
              </value>
            </param>
          </params>
          <reporter-output>
          </reporter-output>
        </test-method> <!-- quitDriver -->
        <test-method is-config="true" signature="quitDriver(java.lang.String,org.testng.ITestResult)[pri:0, instance:org.selenium.pom.tests.AddToCartTest@53dad875]" started-at="2026-01-15T06:21:43 EST" name="quitDriver" finished-at="2026-01-15T06:21:47 EST" duration-ms="4165" status="PASS">
          <params>
            <param index="0">
              <value>
                <![CDATA[CHROME]]>
              </value>
            </param>
            <param index="1">
              <value>
                <![CDATA[[TestResult name=addProductsToCart status=SUCCESS method=AddToCartTest.addProductsToCart(org.selenium.pom.model.Product)[pri:0, instance:org.selenium.pom.tests.AddToCartTest@53dad875] output={null}]]]>
              </value>
            </param>
          </params>
          <reporter-output>
          </reporter-output>
        </test-method> <!-- quitDriver -->
        <test-method is-config="true" signature="quitDriver(java.lang.String,org.testng.ITestResult)[pri:0, instance:org.selenium.pom.tests.AddToCartTest@53dad875]" started-at="2026-01-15T06:21:43 EST" name="quitDriver" finished-at="2026-01-15T06:21:48 EST" duration-ms="4375" status="PASS">
          <params>
            <param index="0">
              <value>
                <![CDATA[CHROME]]>
              </value>
            </param>
            <param index="1">
              <value>
                <![CDATA[[TestResult name=addProductsToCart status=SUCCESS method=AddToCartTest.addProductsToCart(org.selenium.pom.model.Product)[pri:0, instance:org.selenium.pom.tests.AddToCartTest@53dad875] output={null}]]]>
              </value>
            </param>
          </params>
          <reporter-output>
          </reporter-output>
        </test-method> <!-- quitDriver -->
        <test-method is-config="true" signature="quitDriver(java.lang.String,org.testng.ITestResult)[pri:0, instance:org.selenium.pom.tests.AddToCartTest@53dad875]" started-at="2026-01-15T06:21:44 EST" name="quitDriver" finished-at="2026-01-15T06:21:47 EST" duration-ms="2982" status="PASS">
          <params>
            <param index="0">
              <value>
                <![CDATA[CHROME]]>
              </value>
            </param>
            <param index="1">
              <value>
                <![CDATA[[TestResult name=addProductsToCart status=SUCCESS method=AddToCartTest.addProductsToCart(org.selenium.pom.model.Product)[pri:0, instance:org.selenium.pom.tests.AddToCartTest@53dad875] output={null}]]]>
              </value>
            </param>
          </params>
          <reporter-output>
          </reporter-output>
        </test-method> <!-- quitDriver -->
        <test-method is-config="true" signature="quitDriver(java.lang.String,org.testng.ITestResult)[pri:0, instance:org.selenium.pom.tests.AddToCartTest@53dad875]" started-at="2026-01-15T06:21:45 EST" name="quitDriver" finished-at="2026-01-15T06:21:47 EST" duration-ms="1660" status="PASS">
          <params>
            <param index="0">
              <value>
                <![CDATA[CHROME]]>
              </value>
            </param>
            <param index="1">
              <value>
                <![CDATA[[TestResult name=addProductsToCart status=SUCCESS method=AddToCartTest.addProductsToCart(org.selenium.pom.model.Product)[pri:0, instance:org.selenium.pom.tests.AddToCartTest@53dad875] output={null}]]]>
              </value>
            </param>
          </params>
          <reporter-output>
          </reporter-output>
        </test-method> <!-- quitDriver -->
        <test-method is-config="true" signature="quitDriver(java.lang.String,org.testng.ITestResult)[pri:0, instance:org.selenium.pom.tests.AddToCartTest@53dad875]" started-at="2026-01-15T06:21:46 EST" name="quitDriver" finished-at="2026-01-15T06:21:47 EST" duration-ms="1370" status="PASS">
          <params>
            <param index="0">
              <value>
                <![CDATA[CHROME]]>
              </value>
            </param>
            <param index="1">
              <value>
                <![CDATA[[TestResult name=addProductsToCart status=SUCCESS method=AddToCartTest.addProductsToCart(org.selenium.pom.model.Product)[pri:0, instance:org.selenium.pom.tests.AddToCartTest@53dad875] output={null}]]]>
              </value>
            </param>
          </params>
          <reporter-output>
          </reporter-output>
        </test-method> <!-- quitDriver -->
        <test-method is-config="true" signature="startDriver(java.lang.String)[pri:0, instance:org.selenium.pom.tests.AddToCartTest@53dad875]" started-at="2026-01-15T06:21:48 EST" name="startDriver" finished-at="2026-01-15T06:21:51 EST" duration-ms="3117" status="PASS">
          <params>
            <param index="0">
              <value>
                <![CDATA[CHROME]]>
              </value>
            </param>
          </params>
          <reporter-output>
          </reporter-output>
        </test-method> <!-- startDriver -->
        <test-method is-config="true" signature="quitDriver(java.lang.String,org.testng.ITestResult)[pri:0, instance:org.selenium.pom.tests.AddToCartTest@53dad875]" started-at="2026-01-15T06:21:48 EST" name="quitDriver" finished-at="2026-01-15T06:21:49 EST" duration-ms="871" status="PASS">
          <params>
            <param index="0">
              <value>
                <![CDATA[CHROME]]>
              </value>
            </param>
            <param index="1">
              <value>
                <![CDATA[[TestResult name=addFeaturedProductsToCart status=SUCCESS method=AddToCartTest.addFeaturedProductsToCart(org.selenium.pom.model.Product)[pri:0, instance:org.selenium.pom.tests.AddToCartTest@53dad875] output={null}]]]>
              </value>
            </param>
          </params>
          <reporter-output>
          </reporter-output>
        </test-method> <!-- quitDriver -->
        <test-method signature="addToCartFromStorePage()[pri:0, instance:org.selenium.pom.tests.AddToCartTest@53dad875]" started-at="2026-01-15T06:21:51 EST" name="addToCartFromStorePage" description="Should be able to add products to cart from store page" finished-at="2026-01-15T06:21:56 EST" duration-ms="4822" status="PASS">
          <reporter-output>
          </reporter-output>
        </test-method> <!-- addToCartFromStorePage -->
        <test-method is-config="true" signature="quitDriver(java.lang.String,org.testng.ITestResult)[pri:0, instance:org.selenium.pom.tests.AddToCartTest@53dad875]" started-at="2026-01-15T06:21:56 EST" name="quitDriver" finished-at="2026-01-15T06:21:56 EST" duration-ms="762" status="PASS">
          <params>
            <param index="0">
              <value>
                <![CDATA[CHROME]]>
              </value>
            </param>
            <param index="1">
              <value>
                <![CDATA[[TestResult name=addToCartFromStorePage status=SUCCESS method=AddToCartTest.addToCartFromStorePage()[pri:0, instance:org.selenium.pom.tests.AddToCartTest@53dad875] output={null}]]]>
              </value>
            </param>
          </params>
          <reporter-output>
          </reporter-output>
        </test-method> <!-- quitDriver -->
      </class> <!-- org.selenium.pom.tests.AddToCartTest -->
      <class name="org.selenium.pom.tests.MyFirstTestCase">
        <test-method is-config="true" signature="startDriver(java.lang.String)[pri:0, instance:org.selenium.pom.tests.MyFirstTestCase@431f1eaf]" started-at="2026-01-15T06:21:49 EST" name="startDriver" finished-at="2026-01-15T06:21:53 EST" duration-ms="4152" status="PASS">
          <params>
            <param index="0">
              <value>
                <![CDATA[CHROME]]>
              </value>
            </param>
          </params>
          <reporter-output>
          </reporter-output>
        </test-method> <!-- startDriver -->
        <test-method signature="testGuestCheckoutOfOneProductUsingDirectBankTransfer()[pri:0, instance:org.selenium.pom.tests.MyFirstTestCase@431f1eaf]" started-at="2026-01-15T06:21:53 EST" name="testGuestCheckoutOfOneProductUsingDirectBankTransfer" finished-at="2026-01-15T06:22:16 EST" duration-ms="22468" status="PASS">
          <reporter-output>
          </reporter-output>
        </test-method> <!-- testGuestCheckoutOfOneProductUsingDirectBankTransfer -->
        <test-method is-config="true" signature="startDriver(java.lang.String)[pri:0, instance:org.selenium.pom.tests.MyFirstTestCase@431f1eaf]" started-at="2026-01-15T06:21:56 EST" name="startDriver" finished-at="2026-01-15T06:21:59 EST" duration-ms="2362" status="PASS">
          <params>
            <param index="0">
              <value>
                <![CDATA[CHROME]]>
              </value>
            </param>
          </params>
          <reporter-output>
          </reporter-output>
        </test-method> <!-- startDriver -->
        <test-method signature="testLoggedInUserCheckoutUsingDirectBankTransfer()[pri:0, instance:org.selenium.pom.tests.MyFirstTestCase@431f1eaf]" started-at="2026-01-15T06:21:59 EST" name="testLoggedInUserCheckoutUsingDirectBankTransfer" finished-at="2026-01-15T06:22:48 EST" duration-ms="49133" status="FAIL">
          <exception class="org.openqa.selenium.TimeoutException">
            <message>
              <![CDATA[Expected condition failed: waiting for visibility of element located by By.name: shipping_postcode (tried for 15 second(s) with 500 milliseconds interval)
Build info: version: '4.39.0', revision: '126f156aee'
System info: os.name: 'Windows 10', os.arch: 'amd64', os.version: '10.0', java.version: '15.0.1'
Driver info: org.openqa.selenium.chrome.ChromeDriver
Capabilities {acceptInsecureCerts: false, browserName: chrome, browserVersion: 143.0.7499.170, chrome: {chromedriverVersion: 143.0.7499.192 (be2c1f4fd45..., userDataDir: C:\Users\KSG\AppData\Local\...}, fedcm:accounts: true, goog:chromeOptions: {debuggerAddress: localhost:60362}, goog:processID: 26364, networkConnectionEnabled: false, pageLoadStrategy: normal, platformName: windows, proxy: Proxy(), se:cdp: ws://localhost:60362/devtoo..., se:cdpVersion: 143.0.7499.170, setWindowRect: true, strictFileInteractability: false, timeouts: {implicit: 0, pageLoad: 300000, script: 30000}, unhandledPromptBehavior: dismiss and notify, webauthn:extension:credBlob: true, webauthn:extension:largeBlob: true, webauthn:extension:minPinLength: true, webauthn:extension:prf: true, webauthn:virtualAuthenticators: true}
Session ID: 2103af99a5f3b953a1c9141956a4c95a]]>
            </message>
            <full-stacktrace>
              <![CDATA[org.openqa.selenium.TimeoutException: Expected condition failed: waiting for visibility of element located by By.name: shipping_postcode (tried for 15 second(s) with 500 milliseconds interval)
Build info: version: '4.39.0', revision: '126f156aee'
System info: os.name: 'Windows 10', os.arch: 'amd64', os.version: '10.0', java.version: '15.0.1'
Driver info: org.openqa.selenium.chrome.ChromeDriver
Capabilities {acceptInsecureCerts: false, browserName: chrome, browserVersion: 143.0.7499.170, chrome: {chromedriverVersion: 143.0.7499.192 (be2c1f4fd45..., userDataDir: C:\Users\KSG\AppData\Local\...}, fedcm:accounts: true, goog:chromeOptions: {debuggerAddress: localhost:60362}, goog:processID: 26364, networkConnectionEnabled: false, pageLoadStrategy: normal, platformName: windows, proxy: Proxy(), se:cdp: ws://localhost:60362/devtoo..., se:cdpVersion: 143.0.7499.170, setWindowRect: true, strictFileInteractability: false, timeouts: {implicit: 0, pageLoad: 300000, script: 30000}, unhandledPromptBehavior: dismiss and notify, webauthn:extension:credBlob: true, webauthn:extension:largeBlob: true, webauthn:extension:minPinLength: true, webauthn:extension:prf: true, webauthn:virtualAuthenticators: true}
Session ID: 2103af99a5f3b953a1c9141956a4c95a
at org.openqa.selenium.support.ui.WebDriverWait.timeoutException(WebDriverWait.java:84)
at org.openqa.selenium.support.ui.FluentWait.until(FluentWait.java:228)
at org.selenium.pom.base.ElementActions.type(ElementActions.java:56)
at org.selenium.pom.pages.ShippingSection.fillShippingDetails(ShippingSection.java:82)
at org.selenium.pom.flows.CheckoutFlow.fillGuestDetails(CheckoutFlow.java:51)
at org.selenium.pom.tests.MyFirstTestCase.testLoggedInUserCheckoutUsingDirectBankTransfer(MyFirstTestCase.java:223)
at java.base/jdk.internal.reflect.NativeMethodAccessorImpl.invoke0(Native Method)
at java.base/jdk.internal.reflect.NativeMethodAccessorImpl.invoke(NativeMethodAccessorImpl.java:64)
at java.base/jdk.internal.reflect.DelegatingMethodAccessorImpl.invoke(DelegatingMethodAccessorImpl.java:43)
at java.base/java.lang.reflect.Method.invoke(Method.java:564)
at org.testng.internal.invokers.MethodInvocationHelper.invokeMethod(MethodInvocationHelper.java:139)
at org.testng.internal.invokers.TestInvoker.invokeMethod(TestInvoker.java:664)
at org.testng.internal.invokers.TestInvoker.invokeTestMethod(TestInvoker.java:228)
at org.testng.internal.invokers.MethodRunner.runInSequence(MethodRunner.java:63)
at org.testng.internal.invokers.TestInvoker$MethodInvocationAgent.invoke(TestInvoker.java:961)
at org.testng.internal.invokers.TestInvoker.invokeTestMethods(TestInvoker.java:201)
at org.testng.internal.invokers.TestMethodWorker.invokeTestMethods(TestMethodWorker.java:148)
at org.testng.internal.invokers.TestMethodWorker.run(TestMethodWorker.java:128)
at java.base/java.util.concurrent.Executors$RunnableAdapter.call(Executors.java:515)
at java.base/java.util.concurrent.FutureTask.run(FutureTask.java:264)
at org.testng.internal.thread.graph.TestNGFutureTask.run(TestNGFutureTask.java:22)
at java.base/java.util.concurrent.ThreadPoolExecutor.runWorker(ThreadPoolExecutor.java:1130)
at java.base/java.util.concurrent.ThreadPoolExecutor$Worker.run(ThreadPoolExecutor.java:630)
at java.base/java.lang.Thread.run(Thread.java:832)
]]>
            </full-stacktrace>
          </exception> <!-- org.openqa.selenium.TimeoutException -->
          <reporter-output>
          </reporter-output>
        </test-method> <!-- testLoggedInUserCheckoutUsingDirectBankTransfer -->
        <test-method is-config="true" signature="quitDriver(java.lang.String,org.testng.ITestResult)[pri:0, instance:org.selenium.pom.tests.MyFirstTestCase@431f1eaf]" started-at="2026-01-15T06:22:16 EST" name="quitDriver" finished-at="2026-01-15T06:22:16 EST" duration-ms="771" status="PASS">
          <params>
            <param index="0">
              <value>
                <![CDATA[CHROME]]>
              </value>
            </param>
            <param index="1">
              <value>
                <![CDATA[[TestResult name=testGuestCheckoutOfOneProductUsingDirectBankTransfer status=SUCCESS method=MyFirstTestCase.testGuestCheckoutOfOneProductUsingDirectBankTransfer()[pri:0, instance:org.selenium.pom.tests.MyFirstTestCase@431f1eaf] output={null}]]]>
              </value>
            </param>
          </params>
          <reporter-output>
          </reporter-output>
        </test-method> <!-- quitDriver -->
        <test-method is-config="true" signature="quitDriver(java.lang.String,org.testng.ITestResult)[pri:0, instance:org.selenium.pom.tests.MyFirstTestCase@431f1eaf]" started-at="2026-01-15T06:22:48 EST" name="quitDriver" finished-at="2026-01-15T06:22:49 EST" duration-ms="914" status="PASS">
          <params>
            <param index="0">
              <value>
                <![CDATA[CHROME]]>
              </value>
            </param>
            <param index="1">
              <value>
                <![CDATA[[TestResult name=testLoggedInUserCheckoutUsingDirectBankTransfer status=FAILURE method=MyFirstTestCase.testLoggedInUserCheckoutUsingDirectBankTransfer()[pri:0, instance:org.selenium.pom.tests.MyFirstTestCase@431f1eaf] output={null}]]]>
              </value>
            </param>
          </params>
          <reporter-output>
          </reporter-output>
        </test-method> <!-- quitDriver -->
      </class> <!-- org.selenium.pom.tests.MyFirstTestCase -->
    </test> <!-- Chrome -->
  </suite> <!-- Regression Suite -->
</testng-results>
