<?xml version="1.0" encoding="UTF-8"?>
<testng-results ignored="0" total="4" passed="4" failed="0" skipped="0">
  <reporter-output>
  </reporter-output>
  <suite started-at="2026-01-09T22:11:55 EST" name="Suite1" finished-at="2026-01-09T22:12:23 EST" duration-ms="27195">
    <groups>
    </groups>
    <test started-at="2026-01-09T22:11:55 EST" name="Chrome" finished-at="2026-01-09T22:12:20 EST" duration-ms="24465">
      <class name="org.selenium.pom.tests.MyFirstTestCase">
        <test-method is-config="true" signature="startDriver(java.lang.String)[pri:0, instance:org.selenium.pom.tests.MyFirstTestCase@740cae06]" started-at="2026-01-09T22:11:56 EST" name="startDriver" finished-at="2026-01-09T22:11:59 EST" duration-ms="3816" status="PASS">
          <params>
            <param index="0">
              <value>
                <![CDATA[CHROME]]>
              </value>
            </param>
          </params>
          <reporter-output>
          </reporter-output>
        </test-method> <!-- startDriver -->
        <test-method is-config="true" signature="startDriver(java.lang.String)[pri:0, instance:org.selenium.pom.tests.MyFirstTestCase@740cae06]" started-at="2026-01-09T22:11:56 EST" name="startDriver" finished-at="2026-01-09T22:11:59 EST" duration-ms="3502" status="PASS">
          <params>
            <param index="0">
              <value>
                <![CDATA[CHROME]]>
              </value>
            </param>
          </params>
          <reporter-output>
          </reporter-output>
        </test-method> <!-- startDriver -->
        <test-method signature="testGuestCheckoutOfManyProductUsingDirectBankTransfer()[pri:0, instance:org.selenium.pom.tests.MyFirstTestCase@740cae06]" started-at="2026-01-09T22:11:59 EST" name="testGuestCheckoutOfManyProductUsingDirectBankTransfer" finished-at="2026-01-09T22:12:19 EST" duration-ms="20154" status="PASS">
          <reporter-output>
          </reporter-output>
        </test-method> <!-- testGuestCheckoutOfManyProductUsingDirectBankTransfer -->
        <test-method signature="testGuestCheckoutOfOneProductUsingDirectBankTransfer()[pri:0, instance:org.selenium.pom.tests.MyFirstTestCase@740cae06]" started-at="2026-01-09T22:11:59 EST" name="testGuestCheckoutOfOneProductUsingDirectBankTransfer" finished-at="2026-01-09T22:12:17 EST" duration-ms="17378" status="PASS">
          <reporter-output>
          </reporter-output>
        </test-method> <!-- testGuestCheckoutOfOneProductUsingDirectBankTransfer -->
        <test-method is-config="true" signature="quitDriver()[pri:0, instance:org.selenium.pom.tests.MyFirstTestCase@740cae06]" started-at="2026-01-09T22:12:17 EST" name="quitDriver" finished-at="2026-01-09T22:12:17 EST" duration-ms="716" status="PASS">
          <reporter-output>
          </reporter-output>
        </test-method> <!-- quitDriver -->
        <test-method is-config="true" signature="quitDriver()[pri:0, instance:org.selenium.pom.tests.MyFirstTestCase@740cae06]" started-at="2026-01-09T22:12:19 EST" name="quitDriver" finished-at="2026-01-09T22:12:20 EST" duration-ms="760" status="PASS">
          <reporter-output>
          </reporter-output>
        </test-method> <!-- quitDriver -->
      </class> <!-- org.selenium.pom.tests.MyFirstTestCase -->
    </test> <!-- Chrome -->
    <test started-at="2026-01-09T22:11:55 EST" name="Firefox" finished-at="2026-01-09T22:12:23 EST" duration-ms="27195">
      <class name="org.selenium.pom.tests.MyFirstTestCase">
        <test-method is-config="true" signature="startDriver(java.lang.String)[pri:0, instance:org.selenium.pom.tests.MyFirstTestCase@7c137fd5]" started-at="2026-01-09T22:11:56 EST" name="startDriver" finished-at="2026-01-09T22:12:05 EST" duration-ms="9646" status="PASS">
          <params>
            <param index="0">
              <value>
                <![CDATA[FIREFOX]]>
              </value>
            </param>
          </params>
          <reporter-output>
          </reporter-output>
        </test-method> <!-- startDriver -->
        <test-method is-config="true" signature="startDriver(java.lang.String)[pri:0, instance:org.selenium.pom.tests.MyFirstTestCase@7c137fd5]" started-at="2026-01-09T22:11:56 EST" name="startDriver" finished-at="2026-01-09T22:12:05 EST" duration-ms="9250" status="PASS">
          <params>
            <param index="0">
              <value>
                <![CDATA[FIREFOX]]>
              </value>
            </param>
          </params>
          <reporter-output>
          </reporter-output>
        </test-method> <!-- startDriver -->
        <test-method signature="testGuestCheckoutOfManyProductUsingDirectBankTransfer()[pri:0, instance:org.selenium.pom.tests.MyFirstTestCase@7c137fd5]" started-at="2026-01-09T22:12:05 EST" name="testGuestCheckoutOfManyProductUsingDirectBankTransfer" finished-at="2026-01-09T22:12:22 EST" duration-ms="16725" status="PASS">
          <reporter-output>
          </reporter-output>
        </test-method> <!-- testGuestCheckoutOfManyProductUsingDirectBankTransfer -->
        <test-method signature="testGuestCheckoutOfOneProductUsingDirectBankTransfer()[pri:0, instance:org.selenium.pom.tests.MyFirstTestCase@7c137fd5]" started-at="2026-01-09T22:12:05 EST" name="testGuestCheckoutOfOneProductUsingDirectBankTransfer" finished-at="2026-01-09T22:12:17 EST" duration-ms="12190" status="PASS">
          <reporter-output>
          </reporter-output>
        </test-method> <!-- testGuestCheckoutOfOneProductUsingDirectBankTransfer -->
        <test-method is-config="true" signature="quitDriver()[pri:0, instance:org.selenium.pom.tests.MyFirstTestCase@7c137fd5]" started-at="2026-01-09T22:12:17 EST" name="quitDriver" finished-at="2026-01-09T22:12:19 EST" duration-ms="1331" status="PASS">
          <reporter-output>
          </reporter-output>
        </test-method> <!-- quitDriver -->
        <test-method is-config="true" signature="quitDriver()[pri:0, instance:org.selenium.pom.tests.MyFirstTestCase@7c137fd5]" started-at="2026-01-09T22:12:22 EST" name="quitDriver" finished-at="2026-01-09T22:12:23 EST" duration-ms="1181" status="PASS">
          <reporter-output>
          </reporter-output>
        </test-method> <!-- quitDriver -->
      </class> <!-- org.selenium.pom.tests.MyFirstTestCase -->
    </test> <!-- Firefox -->
  </suite> <!-- Suite1 -->
</testng-results>
