<?xml version="1.0" encoding="UTF-8"?>
<testng-results ignored="0" total="1" passed="1" failed="0" skipped="0">
  <reporter-output>
  </reporter-output>
  <suite started-at="2026-01-10T17:10:05 EST" name="Smoke Suite" finished-at="2026-01-10T17:10:15 EST" duration-ms="9533">
    <groups>
    </groups>
    <test started-at="2026-01-10T17:10:05 EST" name="Chrome" finished-at="2026-01-10T17:10:15 EST" duration-ms="9533">
      <class name="org.selenium.pom.tests.SearchTest">
        <test-method is-config="true" signature="startDriver(java.lang.String)[pri:0, instance:org.selenium.pom.tests.SearchTest@5e600dd5]" started-at="2026-01-10T17:10:05 EST" name="startDriver" finished-at="2026-01-10T17:10:08 EST" duration-ms="3011" status="PASS">
          <params>
            <param index="0">
              <value>
                <![CDATA[CHROME]]>
              </value>
            </param>
          </params>
          <reporter-output>
          </reporter-output>
        </test-method> <!-- startDriver -->
        <test-method signature="searchWithPartialMatch()[pri:0, instance:org.selenium.pom.tests.SearchTest@5e600dd5]" started-at="2026-01-10T17:10:08 EST" name="searchWithPartialMatch" finished-at="2026-01-10T17:10:14 EST" duration-ms="5712" status="PASS">
          <reporter-output>
          </reporter-output>
        </test-method> <!-- searchWithPartialMatch -->
        <test-method is-config="true" signature="quitDriver()[pri:0, instance:org.selenium.pom.tests.SearchTest@5e600dd5]" started-at="2026-01-10T17:10:14 EST" name="quitDriver" finished-at="2026-01-10T17:10:15 EST" duration-ms="761" status="PASS">
          <reporter-output>
          </reporter-output>
        </test-method> <!-- quitDriver -->
      </class> <!-- org.selenium.pom.tests.SearchTest -->
    </test> <!-- Chrome -->
  </suite> <!-- Smoke Suite -->
</testng-results>
