<?xml version="1.0" encoding="UTF-8"?>
<testng-results ignored="0" total="1" passed="1" failed="0" skipped="0">
  <reporter-output>
  </reporter-output>
  <suite started-at="2026-01-14T15:38:15 EST" name="Smoke Suite" finished-at="2026-01-14T15:38:21 EST" duration-ms="6132">
    <groups>
    </groups>
    <test started-at="2026-01-14T15:38:15 EST" name="Chrome" finished-at="2026-01-14T15:38:21 EST" duration-ms="6132">
      <class name="org.selenium.pom.tests.NavigationTest">
        <test-method is-config="true" signature="startDriver(java.lang.String)[pri:0, instance:org.selenium.pom.tests.NavigationTest@537c8c7e]" started-at="2026-01-14T15:38:15 EST" name="startDriver" finished-at="2026-01-14T15:38:18 EST" duration-ms="2974" status="PASS">
          <params>
            <param index="0">
              <value>
                <![CDATA[CHROME]]>
              </value>
            </param>
          </params>
          <reporter-output>
          </reporter-output>
        </test-method> <!-- startDriver -->
        <test-method signature="testnavigateFromHomeToStoreUsingMainMenu()[pri:0, instance:org.selenium.pom.tests.NavigationTest@537c8c7e]" started-at="2026-01-14T15:38:18 EST" name="testnavigateFromHomeToStoreUsingMainMenu" description="Should be able to navigate from home page to store page using main menu" finished-at="2026-01-14T15:38:20 EST" duration-ms="2168" status="PASS">
          <reporter-output>
          </reporter-output>
        </test-method> <!-- testnavigateFromHomeToStoreUsingMainMenu -->
        <test-method is-config="true" signature="quitDriver(java.lang.String,org.testng.ITestResult)[pri:0, instance:org.selenium.pom.tests.NavigationTest@537c8c7e]" started-at="2026-01-14T15:38:20 EST" name="quitDriver" finished-at="2026-01-14T15:38:21 EST" duration-ms="692" status="PASS">
          <params>
            <param index="0">
              <value>
                <![CDATA[CHROME]]>
              </value>
            </param>
            <param index="1">
              <value>
                <![CDATA[[TestResult name=testnavigateFromHomeToStoreUsingMainMenu status=SUCCESS method=NavigationTest.testnavigateFromHomeToStoreUsingMainMenu()[pri:0, instance:org.selenium.pom.tests.NavigationTest@537c8c7e] output={null}]]]>
              </value>
            </param>
          </params>
          <reporter-output>
          </reporter-output>
        </test-method> <!-- quitDriver -->
      </class> <!-- org.selenium.pom.tests.NavigationTest -->
    </test> <!-- Chrome -->
  </suite> <!-- Smoke Suite -->
</testng-results>
