<?xml version="1.0" encoding="UTF-8"?>
<testng-results ignored="0" total="1" passed="1" failed="0" skipped="0">
  <reporter-output>
  </reporter-output>
  <suite started-at="2026-01-08T22:18:00 EST" name="Default suite" finished-at="2026-01-08T22:18:20 EST" duration-ms="20464">
    <groups>
    </groups>
    <test started-at="2026-01-08T22:18:00 EST" name="Default test" finished-at="2026-01-08T22:18:20 EST" duration-ms="20464">
      <class name="org.selenium.pom.tests.MyFirstTestCase">
        <test-method is-config="true" signature="startDriver()[pri:0, instance:org.selenium.pom.tests.MyFirstTestCase@a38c7fe]" started-at="2026-01-08T22:18:00 EST" name="startDriver" finished-at="2026-01-08T22:18:06 EST" duration-ms="5922" status="PASS">
          <reporter-output>
          </reporter-output>
        </test-method> <!-- startDriver -->
        <test-method signature="testGuestCheckoutOfManyProductUsingDirectBankTransfer()[pri:0, instance:org.selenium.pom.tests.MyFirstTestCase@a38c7fe]" started-at="2026-01-08T22:18:06 EST" name="testGuestCheckoutOfManyProductUsingDirectBankTransfer" finished-at="2026-01-08T22:18:19 EST" duration-ms="13346" status="PASS">
          <reporter-output>
          </reporter-output>
        </test-method> <!-- testGuestCheckoutOfManyProductUsingDirectBankTransfer -->
        <test-method is-config="true" signature="quitDriver()[pri:0, instance:org.selenium.pom.tests.MyFirstTestCase@a38c7fe]" started-at="2026-01-08T22:18:19 EST" name="quitDriver" finished-at="2026-01-08T22:18:20 EST" duration-ms="1151" status="PASS">
          <reporter-output>
          </reporter-output>
        </test-method> <!-- quitDriver -->
      </class> <!-- org.selenium.pom.tests.MyFirstTestCase -->
    </test> <!-- Default test -->
  </suite> <!-- Default suite -->
</testng-results>
