<?xml version="1.0" encoding="UTF-8"?>
<testng-results ignored="0" total="1" passed="1" failed="0" skipped="0">
  <reporter-output>
  </reporter-output>
  <suite started-at="2026-01-09T19:38:55 EST" name="Suite1" finished-at="2026-01-09T19:39:15 EST" duration-ms="19808">
    <groups>
    </groups>
    <test started-at="2026-01-09T19:38:55 EST" name="Chrome" finished-at="2026-01-09T19:39:15 EST" duration-ms="19808">
      <class name="org.selenium.pom.tests.MyFirstTestCase">
        <test-method is-config="true" signature="startDriver(java.lang.String)[pri:0, instance:org.selenium.pom.tests.MyFirstTestCase@791f145a]" started-at="2026-01-09T19:38:55 EST" name="startDriver" finished-at="2026-01-09T19:38:58 EST" duration-ms="3170" status="PASS">
          <params>
            <param index="0">
              <value>
                <![CDATA[CHROME]]>
              </value>
            </param>
          </params>
          <reporter-output>
          </reporter-output>
        </test-method> <!-- startDriver -->
        <test-method signature="testGuestCheckoutOfManyProductUsingDirectBankTransfer()[pri:0, instance:org.selenium.pom.tests.MyFirstTestCase@791f145a]" started-at="2026-01-09T19:38:58 EST" name="testGuestCheckoutOfManyProductUsingDirectBankTransfer" finished-at="2026-01-09T19:39:14 EST" duration-ms="15883" status="PASS">
          <reporter-output>
          </reporter-output>
        </test-method> <!-- testGuestCheckoutOfManyProductUsingDirectBankTransfer -->
        <test-method is-config="true" signature="quitDriver()[pri:0, instance:org.selenium.pom.tests.MyFirstTestCase@791f145a]" started-at="2026-01-09T19:39:14 EST" name="quitDriver" finished-at="2026-01-09T19:39:15 EST" duration-ms="716" status="PASS">
          <reporter-output>
          </reporter-output>
        </test-method> <!-- quitDriver -->
      </class> <!-- org.selenium.pom.tests.MyFirstTestCase -->
    </test> <!-- Chrome -->
  </suite> <!-- Suite1 -->
</testng-results>
