<?xml version="1.0" encoding="UTF-8"?>
<testng-results ignored="0" total="1" passed="1" failed="0" skipped="0">
  <reporter-output>
  </reporter-output>
  <suite started-at="2026-01-13T05:54:28 EST" name="Smoke Suite" finished-at="2026-01-13T05:54:33 EST" duration-ms="5111">
    <groups>
    </groups>
    <test started-at="2026-01-13T05:54:28 EST" name="Chrome" finished-at="2026-01-13T05:54:33 EST" duration-ms="5111">
      <class name="org.selenium.pom.tests.NavigationTest">
        <test-method is-config="true" signature="startDriver(java.lang.String)[pri:0, instance:org.selenium.pom.tests.NavigationTest@5ab956d7]" started-at="2026-01-13T05:54:28 EST" name="startDriver" finished-at="2026-01-13T05:54:31 EST" duration-ms="2428" status="PASS">
          <params>
            <param index="0">
              <value>
                <![CDATA[CHROME]]>
              </value>
            </param>
          </params>
          <reporter-output>
          </reporter-output>
        </test-method> <!-- startDriver -->
        <test-method signature="testnavigateFromHomeToStoreUsingMainMenu()[pri:0, instance:org.selenium.pom.tests.NavigationTest@5ab956d7]" started-at="2026-01-13T05:54:31 EST" name="testnavigateFromHomeToStoreUsingMainMenu" finished-at="2026-01-13T05:54:33 EST" duration-ms="1945" status="PASS">
          <reporter-output>
          </reporter-output>
        </test-method> <!-- testnavigateFromHomeToStoreUsingMainMenu -->
        <test-method is-config="true" signature="quitDriver()[pri:0, instance:org.selenium.pom.tests.NavigationTest@5ab956d7]" started-at="2026-01-13T05:54:33 EST" name="quitDriver" finished-at="2026-01-13T05:54:33 EST" duration-ms="700" status="PASS">
          <reporter-output>
          </reporter-output>
        </test-method> <!-- quitDriver -->
      </class> <!-- org.selenium.pom.tests.NavigationTest -->
    </test> <!-- Chrome -->
  </suite> <!-- Smoke Suite -->
</testng-results>
