<?xml version="1.0" encoding="UTF-8"?>
<testng-results ignored="0" total="2" passed="2" failed="0" skipped="0">
  <reporter-output>
  </reporter-output>
  <suite started-at="2026-01-12T05:39:55 EST" name="Smoke Suite" finished-at="2026-01-12T05:40:03 EST" duration-ms="8714">
    <groups>
    </groups>
    <test started-at="2026-01-12T05:39:55 EST" name="Chrome" finished-at="2026-01-12T05:40:03 EST" duration-ms="8714">
      <class name="org.selenium.pom.tests.SearchTest">
        <test-method is-config="true" signature="startDriver(java.lang.String)[pri:0, instance:org.selenium.pom.tests.SearchTest@d86a6f]" started-at="2026-01-12T05:39:55 EST" name="startDriver" finished-at="2026-01-12T05:39:58 EST" duration-ms="2925" status="PASS">
          <params>
            <param index="0">
              <value>
                <![CDATA[CHROME]]>
              </value>
            </param>
          </params>
          <reporter-output>
          </reporter-output>
        </test-method> <!-- startDriver -->
        <test-method signature="searchWithPartialMatch()[pri:0, instance:org.selenium.pom.tests.SearchTest@d86a6f]" started-at="2026-01-12T05:39:58 EST" name="searchWithPartialMatch" finished-at="2026-01-12T05:40:03 EST" duration-ms="5043" status="PASS">
          <reporter-output>
          </reporter-output>
        </test-method> <!-- searchWithPartialMatch -->
        <test-method is-config="true" signature="quitDriver()[pri:0, instance:org.selenium.pom.tests.SearchTest@d86a6f]" started-at="2026-01-12T05:40:03 EST" name="quitDriver" finished-at="2026-01-12T05:40:03 EST" duration-ms="689" status="PASS">
          <reporter-output>
          </reporter-output>
        </test-method> <!-- quitDriver -->
      </class> <!-- org.selenium.pom.tests.SearchTest -->
      <class name="org.selenium.pom.tests.AddToCartTest">
        <test-method is-config="true" signature="startDriver(java.lang.String)[pri:0, instance:org.selenium.pom.tests.AddToCartTest@6bbe85a8]" started-at="2026-01-12T05:39:55 EST" name="startDriver" finished-at="2026-01-12T05:39:58 EST" duration-ms="2941" status="PASS">
          <params>
            <param index="0">
              <value>
                <![CDATA[CHROME]]>
              </value>
            </param>
          </params>
          <reporter-output>
          </reporter-output>
        </test-method> <!-- startDriver -->
        <test-method signature="addToCartFromStorePage()[pri:0, instance:org.selenium.pom.tests.AddToCartTest@6bbe85a8]" started-at="2026-01-12T05:39:58 EST" name="addToCartFromStorePage" finished-at="2026-01-12T05:40:02 EST" duration-ms="4208" status="PASS">
          <reporter-output>
          </reporter-output>
        </test-method> <!-- addToCartFromStorePage -->
        <test-method is-config="true" signature="quitDriver()[pri:0, instance:org.selenium.pom.tests.AddToCartTest@6bbe85a8]" started-at="2026-01-12T05:40:02 EST" name="quitDriver" finished-at="2026-01-12T05:40:02 EST" duration-ms="677" status="PASS">
          <reporter-output>
          </reporter-output>
        </test-method> <!-- quitDriver -->
      </class> <!-- org.selenium.pom.tests.AddToCartTest -->
    </test> <!-- Chrome -->
  </suite> <!-- Smoke Suite -->
</testng-results>
