<?xml version="1.0" encoding="UTF-8"?>
<testng-results ignored="0" total="1" passed="1" failed="0" skipped="0">
  <reporter-output>
  </reporter-output>
  <suite started-at="2026-01-02T17:21:42 EST" name="Default suite" finished-at="2026-01-02T17:21:58 EST" duration-ms="16078">
    <groups>
    </groups>
    <test started-at="2026-01-02T17:21:42 EST" name="Default test" finished-at="2026-01-02T17:21:58 EST" duration-ms="16078">
      <class name="org.selenium.MyFirstTestCase">
        <test-method is-config="true" signature="startDriver()[pri:0, instance:org.selenium.MyFirstTestCase@54e1c68b]" started-at="2026-01-02T17:21:42 EST" name="startDriver" finished-at="2026-01-02T17:21:46 EST" duration-ms="3299" status="PASS">
          <reporter-output>
          </reporter-output>
        </test-method> <!-- startDriver -->
        <test-method signature="sampleTest()[pri:0, instance:org.selenium.MyFirstTestCase@54e1c68b]" started-at="2026-01-02T17:21:46 EST" name="sampleTest" finished-at="2026-01-02T17:21:57 EST" duration-ms="11927" status="PASS">
          <reporter-output>
          </reporter-output>
        </test-method> <!-- sampleTest -->
        <test-method is-config="true" signature="quitDriver()[pri:0, instance:org.selenium.MyFirstTestCase@54e1c68b]" started-at="2026-01-02T17:21:57 EST" name="quitDriver" finished-at="2026-01-02T17:21:58 EST" duration-ms="794" status="PASS">
          <reporter-output>
          </reporter-output>
        </test-method> <!-- quitDriver -->
      </class> <!-- org.selenium.MyFirstTestCase -->
    </test> <!-- Default test -->
  </suite> <!-- Default suite -->
</testng-results>
