<?xml version="1.0" encoding="UTF-8"?>
<testng-results ignored="0" total="2" passed="2" failed="0" skipped="0">
  <reporter-output>
  </reporter-output>
  <suite started-at="2026-01-08T06:30:21 EST" name="Default suite" finished-at="2026-01-08T06:30:54 EST" duration-ms="33479">
    <groups>
    </groups>
    <test started-at="2026-01-08T06:30:21 EST" name="Default test" finished-at="2026-01-08T06:30:54 EST" duration-ms="33479">
      <class name="org.selenium.MyFirstTestCase">
        <test-method is-config="true" signature="startDriver()[pri:0, instance:org.selenium.MyFirstTestCase@a38c7fe]" started-at="2026-01-08T06:30:21 EST" name="startDriver" finished-at="2026-01-08T06:30:25 EST" duration-ms="4161" status="PASS">
          <reporter-output>
          </reporter-output>
        </test-method> <!-- startDriver -->
        <test-method signature="testGuestCheckoutOfManyProductUsingDirectBankTransfer()[pri:0, instance:org.selenium.MyFirstTestCase@a38c7fe]" started-at="2026-01-08T06:30:25 EST" name="testGuestCheckoutOfManyProductUsingDirectBankTransfer" finished-at="2026-01-08T06:30:41 EST" duration-ms="15361" status="PASS">
          <reporter-output>
          </reporter-output>
        </test-method> <!-- testGuestCheckoutOfManyProductUsingDirectBankTransfer -->
        <test-method is-config="true" signature="quitDriver()[pri:0, instance:org.selenium.MyFirstTestCase@a38c7fe]" started-at="2026-01-08T06:30:41 EST" name="quitDriver" finished-at="2026-01-08T06:30:41 EST" duration-ms="878" status="PASS">
          <reporter-output>
          </reporter-output>
        </test-method> <!-- quitDriver -->
        <test-method is-config="true" signature="startDriver()[pri:0, instance:org.selenium.MyFirstTestCase@a38c7fe]" started-at="2026-01-08T06:30:41 EST" name="startDriver" finished-at="2026-01-08T06:30:44 EST" duration-ms="2177" status="PASS">
          <reporter-output>
          </reporter-output>
        </test-method> <!-- startDriver -->
        <test-method signature="testGuestCheckoutOfOneProductUsingDirectBankTransfer()[pri:0, instance:org.selenium.MyFirstTestCase@a38c7fe]" started-at="2026-01-08T06:30:44 EST" name="testGuestCheckoutOfOneProductUsingDirectBankTransfer" finished-at="2026-01-08T06:30:54 EST" duration-ms="10176" status="PASS">
          <reporter-output>
          </reporter-output>
        </test-method> <!-- testGuestCheckoutOfOneProductUsingDirectBankTransfer -->
        <test-method is-config="true" signature="quitDriver()[pri:0, instance:org.selenium.MyFirstTestCase@a38c7fe]" started-at="2026-01-08T06:30:54 EST" name="quitDriver" finished-at="2026-01-08T06:30:54 EST" duration-ms="684" status="PASS">
          <reporter-output>
          </reporter-output>
        </test-method> <!-- quitDriver -->
      </class> <!-- org.selenium.MyFirstTestCase -->
    </test> <!-- Default test -->
  </suite> <!-- Default suite -->
</testng-results>
