<?xml version="1.0" encoding="UTF-8"?>
<!-- Generated by org.testng.reporters.JUnitReportReporter -->
<testsuite hostname="LAPTOP-SBTGQ5S3" failures="0" tests="9" name="org.selenium.pom.tests.AddToCartTest" time="150.780" errors="0" timestamp="2026-01-15T06:22:49 EST" skipped="0">
  <testcase classname="org.selenium.pom.tests.AddToCartTest" name="addProductsToCart" time="19.446"/>
  <testcase classname="org.selenium.pom.tests.AddToCartTest" name="addProductsToCart" time="12.988"/>
  <testcase classname="org.selenium.pom.tests.AddToCartTest" name="addFeaturedProductsToCart" time="19.790"/>
  <testcase classname="org.selenium.pom.tests.AddToCartTest" name="addFeaturedProductsToCart" time="16.617"/>
  <testcase classname="org.selenium.pom.tests.AddToCartTest" name="addProductsToCart" time="12.713"/>
  <testcase classname="org.selenium.pom.tests.AddToCartTest" name="addFeaturedProductsToCart" time="19.539"/>
  <testcase classname="org.selenium.pom.tests.AddToCartTest" name="addProductsToCart" time="20.894"/>
  <testcase classname="org.selenium.pom.tests.AddToCartTest" name="addProductsToCart" time="14.880"/>
  <testcase classname="org.selenium.pom.tests.AddToCartTest" name="addToCartFromStorePage" time="13.913"/>
</testsuite> <!-- org.selenium.pom.tests.AddToCartTest -->
