<?xml version="1.0" encoding="UTF-8"?>
<!-- Generated by org.testng.reporters.JUnitReportReporter -->
<testsuite hostname="LAPTOP-SBTGQ5S3" failures="0" tests="2" name="org.selenium.pom.tests.MyFirstTestCase" time="37.630" errors="0" timestamp="2026-01-09T06:16:50 EST" skipped="0">
  <testcase classname="org.selenium.pom.tests.MyFirstTestCase" name="testGuestCheckoutOfManyProductUsingDirectBankTransfer" time="18.974"/>
  <testcase classname="org.selenium.pom.tests.MyFirstTestCase" name="testGuestCheckoutOfManyProductUsingDirectBankTransfer" time="18.656"/>
</testsuite> <!-- org.selenium.pom.tests.MyFirstTestCase -->
