<?xml version="1.0" encoding="UTF-8"?>
<!-- Generated by org.testng.reporters.JUnitReportReporter -->
<testsuite hostname="LAPTOP-SBTGQ5S3" failures="0" tests="2" name="org.selenium.pom.tests.MyFirstTestCase" time="78.386" errors="0" timestamp="2026-01-15T06:37:56 EST" skipped="0">
  <testcase classname="org.selenium.pom.tests.MyFirstTestCase" name="testGuestCheckoutOfOneProductUsingDirectBankTransfer" time="31.441"/>
  <testcase classname="org.selenium.pom.tests.MyFirstTestCase" name="testLoggedInUserCheckoutUsingDirectBankTransfer" time="46.945"/>
</testsuite> <!-- org.selenium.pom.tests.MyFirstTestCase -->
