<?xml version="1.0" encoding="UTF-8"?>
<!-- Generated by org.testng.reporters.JUnitReportReporter -->
<testsuite hostname="LAPTOP-SBTGQ5S3" failures="0" tests="2" name="org.selenium.MyFirstTestCase" time="33.437" errors="0" timestamp="2026-01-08T06:30:55 EST" skipped="0">
  <testcase classname="org.selenium.MyFirstTestCase" name="testGuestCheckoutOfOneProductUsingDirectBankTransfer" time="13.231"/>
  <testcase classname="org.selenium.MyFirstTestCase" name="testGuestCheckoutOfManyProductUsingDirectBankTransfer" time="20.206"/>
</testsuite> <!-- org.selenium.MyFirstTestCase -->
