<?xml version="1.0" encoding="UTF-8"?>
<!-- Generated by org.testng.reporters.JUnitReportReporter -->
<testsuite hostname="LAPTOP-SBTGQ5S3" failures="0" tests="8" name="org.selenium.pom.tests.AddToCartTest" time="126.678" errors="0" timestamp="2026-01-13T05:52:05 EST" skipped="0">
  <testcase classname="org.selenium.pom.tests.AddToCartTest" name="addProductsToCart" time="15.110"/>
  <testcase classname="org.selenium.pom.tests.AddToCartTest" name="addProductsToCart" time="18.099"/>
  <testcase classname="org.selenium.pom.tests.AddToCartTest" name="addProductsToCart" time="15.156"/>
  <testcase classname="org.selenium.pom.tests.AddToCartTest" name="addProductsToCart" time="14.704"/>
  <testcase classname="org.selenium.pom.tests.AddToCartTest" name="addProductsToCart" time="15.175"/>
  <testcase classname="org.selenium.pom.tests.AddToCartTest" name="addFeaturedProductsToCart" time="14.030"/>
  <testcase classname="org.selenium.pom.tests.AddToCartTest" name="addFeaturedProductsToCart" time="15.399"/>
  <testcase classname="org.selenium.pom.tests.AddToCartTest" name="addFeaturedProductsToCart" time="19.005"/>
</testsuite> <!-- org.selenium.pom.tests.AddToCartTest -->
